{"/home/travis/build/npmtest/node-npmtest-nw-builder/test.js":{"path":"/home/travis/build/npmtest/node-npmtest-nw-builder/test.js","s":{"1":2,"2":2,"3":2,"4":2,"5":2,"6":2,"7":2,"8":1,"9":2,"10":2,"11":1,"12":1,"13":1,"14":1,"15":2,"16":2,"17":2,"18":2,"19":1,"20":1,"21":2,"22":2,"23":2,"24":1,"25":1,"26":1,"27":1,"28":1,"29":1,"30":1,"31":1,"32":1,"33":1,"34":1,"35":1,"36":1,"37":1,"38":1,"39":2,"40":2,"41":1,"42":2,"43":2,"44":1,"45":2,"46":2,"47":1,"48":2,"49":2,"50":1,"51":1,"52":1,"53":1,"54":1},"b":{"1":[2,1,1,1],"2":[1,1,1,1],"3":[1,1],"4":[1,1],"5":[1,1],"6":[1,1],"7":[1,1],"8":[1,1],"9":[1,1],"10":[1,1,1],"11":[1,1],"12":[1,1],"13":[1,1],"14":[1,1],"15":[1,1],"16":[1,1],"17":[1,1]},"f":{"1":2,"2":2,"3":2,"4":2,"5":2,"6":1,"7":1,"8":1,"9":2,"10":2,"11":2,"12":2,"13":1},"fnMap":{"1":{"name":"(anonymous_1)","line":12,"loc":{"start":{"line":12,"column":1},"end":{"line":12,"column":13}}},"2":{"name":"(anonymous_2)","line":19,"loc":{"start":{"line":19,"column":5},"end":{"line":19,"column":17}}},"3":{"name":"(anonymous_3)","line":23,"loc":{"start":{"line":23,"column":24},"end":{"line":23,"column":36}}},"4":{"name":"(anonymous_4)","line":61,"loc":{"start":{"line":61,"column":5},"end":{"line":61,"column":17}}},"5":{"name":"(anonymous_5)","line":82,"loc":{"start":{"line":82,"column":5},"end":{"line":82,"column":17}}},"6":{"name":"(anonymous_6)","line":91,"loc":{"start":{"line":91,"column":77},"end":{"line":94,"column":10}}},"7":{"name":"(anonymous_7)","line":112,"loc":{"start":{"line":112,"column":83},"end":{"line":115,"column":10}},"skip":true},"8":{"name":"(anonymous_8)","line":123,"loc":{"start":{"line":123,"column":77},"end":{"line":126,"column":10}},"skip":true},"9":{"name":"(anonymous_9)","line":139,"loc":{"start":{"line":139,"column":12},"end":{"line":139,"column":40}},"skip":true},"10":{"name":"(anonymous_10)","line":147,"loc":{"start":{"line":147,"column":77},"end":{"line":150,"column":10}},"skip":true},"11":{"name":"(anonymous_11)","line":158,"loc":{"start":{"line":158,"column":83},"end":{"line":161,"column":10}},"skip":true},"12":{"name":"(anonymous_12)","line":169,"loc":{"start":{"line":169,"column":79},"end":{"line":172,"column":10}},"skip":true},"13":{"name":"(anonymous_13)","line":180,"loc":{"start":{"line":180,"column":75},"end":{"line":183,"column":10}},"skip":true}},"statementMap":{"1":{"start":{"line":12,"column":0},"end":{"line":195,"column":5}},"2":{"start":{"line":14,"column":4},"end":{"line":14,"column":14}},"3":{"start":{"line":19,"column":4},"end":{"line":56,"column":9}},"4":{"start":{"line":21,"column":8},"end":{"line":21,"column":19}},"5":{"start":{"line":23,"column":8},"end":{"line":35,"column":13}},"6":{"start":{"line":24,"column":12},"end":{"line":34,"column":13}},"7":{"start":{"line":25,"column":16},"end":{"line":28,"column":30}},"8":{"start":{"line":30,"column":16},"end":{"line":33,"column":27}},"9":{"start":{"line":37,"column":8},"end":{"line":39,"column":21}},"10":{"start":{"line":40,"column":8},"end":{"line":53,"column":9}},"11":{"start":{"line":43,"column":12},"end":{"line":46,"column":14}},"12":{"start":{"line":47,"column":12},"end":{"line":47,"column":18}},"13":{"start":{"line":50,"column":12},"end":{"line":51,"column":46}},"14":{"start":{"line":52,"column":12},"end":{"line":52,"column":18}},"15":{"start":{"line":55,"column":8},"end":{"line":55,"column":35}},"16":{"start":{"line":61,"column":4},"end":{"line":63,"column":9}},"17":{"start":{"line":62,"column":8},"end":{"line":62,"column":15}},"18":{"start":{"line":64,"column":4},"end":{"line":77,"column":5}},"19":{"start":{"line":70,"column":8},"end":{"line":70,"column":14}},"20":{"start":{"line":76,"column":8},"end":{"line":76,"column":14}},"21":{"start":{"line":82,"column":4},"end":{"line":84,"column":9}},"22":{"start":{"line":83,"column":8},"end":{"line":83,"column":15}},"23":{"start":{"line":85,"column":4},"end":{"line":194,"column":5}},"24":{"start":{"line":91,"column":8},"end":{"line":99,"column":10}},"25":{"start":{"line":98,"column":12},"end":{"line":98,"column":35}},"26":{"start":{"line":102,"column":8},"end":{"line":104,"column":63}},"27":{"start":{"line":105,"column":8},"end":{"line":105,"column":14}},"28":{"start":{"line":112,"column":8},"end":{"line":121,"column":10},"skip":true},"29":{"start":{"line":119,"column":12},"end":{"line":119,"column":55},"skip":true},"30":{"start":{"line":120,"column":12},"end":{"line":120,"column":48},"skip":true},"31":{"start":{"line":123,"column":8},"end":{"line":136,"column":10},"skip":true},"32":{"start":{"line":130,"column":12},"end":{"line":130,"column":76},"skip":true},"33":{"start":{"line":131,"column":12},"end":{"line":131,"column":73},"skip":true},"34":{"start":{"line":132,"column":12},"end":{"line":132,"column":74},"skip":true},"35":{"start":{"line":133,"column":12},"end":{"line":133,"column":79},"skip":true},"36":{"start":{"line":134,"column":12},"end":{"line":134,"column":25},"skip":true},"37":{"start":{"line":135,"column":12},"end":{"line":135,"column":45},"skip":true},"38":{"start":{"line":138,"column":8},"end":{"line":145,"column":14},"skip":true},"39":{"start":{"line":143,"column":16},"end":{"line":143,"column":29},"skip":true},"40":{"start":{"line":144,"column":16},"end":{"line":144,"column":55},"skip":true},"41":{"start":{"line":147,"column":8},"end":{"line":156,"column":10},"skip":true},"42":{"start":{"line":154,"column":12},"end":{"line":154,"column":25},"skip":true},"43":{"start":{"line":155,"column":12},"end":{"line":155,"column":45},"skip":true},"44":{"start":{"line":158,"column":8},"end":{"line":167,"column":10},"skip":true},"45":{"start":{"line":165,"column":12},"end":{"line":165,"column":25},"skip":true},"46":{"start":{"line":166,"column":12},"end":{"line":166,"column":48},"skip":true},"47":{"start":{"line":169,"column":8},"end":{"line":178,"column":10},"skip":true},"48":{"start":{"line":176,"column":12},"end":{"line":176,"column":25},"skip":true},"49":{"start":{"line":177,"column":12},"end":{"line":177,"column":46},"skip":true},"50":{"start":{"line":180,"column":8},"end":{"line":189,"column":10},"skip":true},"51":{"start":{"line":187,"column":12},"end":{"line":187,"column":94},"skip":true},"52":{"start":{"line":188,"column":12},"end":{"line":188,"column":48},"skip":true},"53":{"start":{"line":192,"column":8},"end":{"line":192,"column":35},"skip":true},"54":{"start":{"line":193,"column":8},"end":{"line":193,"column":14},"skip":true}},"branchMap":{"1":{"line":25,"type":"binary-expr","locations":[{"start":{"line":25,"column":23},"end":{"line":25,"column":62}},{"start":{"line":26,"column":20},"end":{"line":26,"column":70}},{"start":{"line":27,"column":20},"end":{"line":27,"column":71}},{"start":{"line":28,"column":20},"end":{"line":28,"column":29}}]},"2":{"line":30,"type":"binary-expr","locations":[{"start":{"line":30,"column":23},"end":{"line":30,"column":37}},{"start":{"line":31,"column":20},"end":{"line":31,"column":61}},{"start":{"line":32,"column":20},"end":{"line":32,"column":70}},{"start":{"line":33,"column":20},"end":{"line":33,"column":26}}]},"3":{"line":37,"type":"cond-expr","locations":[{"start":{"line":38,"column":14},"end":{"line":38,"column":20}},{"start":{"line":39,"column":14},"end":{"line":39,"column":20}}]},"4":{"line":40,"type":"switch","locations":[{"start":{"line":42,"column":8},"end":{"line":47,"column":18}},{"start":{"line":49,"column":8},"end":{"line":52,"column":18}}]},"5":{"line":44,"type":"binary-expr","locations":[{"start":{"line":44,"column":16},"end":{"line":44,"column":44}},{"start":{"line":44,"column":48},"end":{"line":44,"column":66}}]},"6":{"line":50,"type":"binary-expr","locations":[{"start":{"line":50,"column":21},"end":{"line":50,"column":49}},{"start":{"line":50,"column":53},"end":{"line":50,"column":72}}]},"7":{"line":64,"type":"switch","locations":[{"start":{"line":69,"column":4},"end":{"line":70,"column":14}},{"start":{"line":75,"column":4},"end":{"line":76,"column":14}}]},"8":{"line":85,"type":"switch","locations":[{"start":{"line":90,"column":4},"end":{"line":105,"column":14}},{"start":{"line":111,"column":4},"end":{"line":193,"column":14},"skip":true}]},"9":{"line":91,"type":"binary-expr","locations":[{"start":{"line":91,"column":42},"end":{"line":91,"column":73}},{"start":{"line":91,"column":77},"end":{"line":99,"column":9}}]},"10":{"line":102,"type":"binary-expr","locations":[{"start":{"line":102,"column":18},"end":{"line":102,"column":32}},{"start":{"line":103,"column":12},"end":{"line":103,"column":53}},{"start":{"line":104,"column":12},"end":{"line":104,"column":61}}]},"11":{"line":112,"type":"binary-expr","locations":[{"start":{"line":112,"column":45},"end":{"line":112,"column":79},"skip":true},{"start":{"line":112,"column":83},"end":{"line":121,"column":9},"skip":true}]},"12":{"line":123,"type":"binary-expr","locations":[{"start":{"line":123,"column":42},"end":{"line":123,"column":73},"skip":true},{"start":{"line":123,"column":77},"end":{"line":136,"column":9},"skip":true}]},"13":{"line":138,"type":"binary-expr","locations":[{"start":{"line":138,"column":48},"end":{"line":138,"column":85},"skip":true},{"start":{"line":139,"column":12},"end":{"line":145,"column":13},"skip":true}]},"14":{"line":147,"type":"binary-expr","locations":[{"start":{"line":147,"column":42},"end":{"line":147,"column":73},"skip":true},{"start":{"line":147,"column":77},"end":{"line":156,"column":9},"skip":true}]},"15":{"line":158,"type":"binary-expr","locations":[{"start":{"line":158,"column":45},"end":{"line":158,"column":79},"skip":true},{"start":{"line":158,"column":83},"end":{"line":167,"column":9},"skip":true}]},"16":{"line":169,"type":"binary-expr","locations":[{"start":{"line":169,"column":43},"end":{"line":169,"column":75},"skip":true},{"start":{"line":169,"column":79},"end":{"line":178,"column":9},"skip":true}]},"17":{"line":180,"type":"binary-expr","locations":[{"start":{"line":180,"column":41},"end":{"line":180,"column":71},"skip":true},{"start":{"line":180,"column":75},"end":{"line":189,"column":9},"skip":true}]}},"code":["/* istanbul instrument in package npmtest_nw_builder */","/*jslint","    bitwise: true,","    browser: true,","    maxerr: 8,","    maxlen: 96,","    node: true,","    nomen: true,","    regexp: true,","    stupid: true","*/","(function () {","    'use strict';","    var local;","","","","    // run shared js-env code - pre-init","    (function () {","        // init local","        local = {};","        // init modeJs","        local.modeJs = (function () {","            try {","                return typeof navigator.userAgent === 'string' &&","                    typeof document.querySelector('body') === 'object' &&","                    typeof XMLHttpRequest.prototype.open === 'function' &&","                    'browser';","            } catch (errorCaughtBrowser) {","                return module.exports &&","                    typeof process.versions.node === 'string' &&","                    typeof require('http').createServer === 'function' &&","                    'node';","            }","        }());","        // init global","        local.global = local.modeJs === 'browser'","            ? window","            : global;","        switch (local.modeJs) {","        // re-init local from window.local","        case 'browser':","            local = local.global.utility2.objectSetDefault(","                local.global.utility2_rollup || local.global.local,","                local.global.utility2","            );","            break;","        // re-init local from example.js","        case 'node':","            local = (local.global.utility2_rollup || require('utility2'))","                .requireExampleJsFromReadme();","            break;","        }","        // export local","        local.global.local = local;","    }());","","","","    // run shared js-env code - function","    (function () {","        return;","    }());","    switch (local.modeJs) {","","","","    // run browser js-env code - function","    case 'browser':","        break;","","","","    // run node js-env code - function","    case 'node':","        break;","    }","","","","    // run shared js-env code - post-init","    (function () {","        return;","    }());","    switch (local.modeJs) {","","","","    // run browser js-env code - post-init","    case 'browser':","        local.testCase_browser_nullCase = local.testCase_browser_nullCase || function (","            options,","            onError","        ) {","        /*","         * this function will test browsers's null-case handling-behavior-behavior","         */","            onError(null, options);","        };","","        // run tests","        local.nop(local.modeTest &&","            document.querySelector('#testRunButton1') &&","            document.querySelector('#testRunButton1').click());","        break;","","","","    // run node js-env code - post-init","    /* istanbul ignore next */","    case 'node':","        local.testCase_buildApidoc_default = local.testCase_buildApidoc_default || function (","            options,","            onError","        ) {","        /*","         * this function will test buildApidoc's default handling-behavior-behavior","         */","            options = { modulePathList: module.paths };","            local.buildApidoc(options, onError);","        };","","        local.testCase_buildApp_default = local.testCase_buildApp_default || function (","            options,","            onError","        ) {","        /*","         * this function will test buildApp's default handling-behavior-behavior","         */","            local.testCase_buildReadme_default(options, local.onErrorThrow);","            local.testCase_buildLib_default(options, local.onErrorThrow);","            local.testCase_buildTest_default(options, local.onErrorThrow);","            local.testCase_buildCustomOrg_default(options, local.onErrorThrow);","            options = [];","            local.buildApp(options, onError);","        };","","        local.testCase_buildCustomOrg_default = local.testCase_buildCustomOrg_default ||","            function (options, onError) {","            /*","             * this function will test buildCustomOrg's default handling-behavior","             */","                options = {};","                local.buildCustomOrg(options, onError);","            };","","        local.testCase_buildLib_default = local.testCase_buildLib_default || function (","            options,","            onError","        ) {","        /*","         * this function will test buildLib's default handling-behavior","         */","            options = {};","            local.buildLib(options, onError);","        };","","        local.testCase_buildReadme_default = local.testCase_buildReadme_default || function (","            options,","            onError","        ) {","        /*","         * this function will test buildReadme's default handling-behavior-behavior","         */","            options = {};","            local.buildReadme(options, onError);","        };","","        local.testCase_buildTest_default = local.testCase_buildTest_default || function (","            options,","            onError","        ) {","        /*","         * this function will test buildTest's default handling-behavior","         */","            options = {};","            local.buildTest(options, onError);","        };","","        local.testCase_webpage_default = local.testCase_webpage_default || function (","            options,","            onError","        ) {","        /*","         * this function will test webpage's default handling-behavior","         */","            options = { modeCoverageMerge: true, url: local.serverLocalHost + '?modeTest=1' };","            local.browserTest(options, onError);","        };","","        // run test-server","        local.testRunServer(local);","        break;","    }","}());",""],"l":{"12":2,"14":2,"19":2,"21":2,"23":2,"24":2,"25":2,"30":1,"37":2,"40":2,"43":1,"47":1,"50":1,"52":1,"55":2,"61":2,"62":2,"64":2,"70":1,"76":1,"82":2,"83":2,"85":2,"91":1,"98":1,"102":1,"105":1,"112":1,"119":1,"120":1,"123":1,"130":1,"131":1,"132":1,"133":1,"134":1,"135":1,"138":1,"143":2,"144":2,"147":1,"154":2,"155":2,"158":1,"165":2,"166":2,"169":1,"176":2,"177":2,"180":1,"187":1,"188":1,"192":1,"193":1}},"/home/travis/build/npmtest/node-npmtest-nw-builder/lib.npmtest_nw_builder.js":{"path":"/home/travis/build/npmtest/node-npmtest-nw-builder/lib.npmtest_nw_builder.js","s":{"1":2,"2":2,"3":2,"4":2,"5":2,"6":2,"7":2,"8":1,"9":2,"10":2,"11":2,"12":2,"13":1,"14":1,"15":1,"16":1},"b":{"1":[2,1,1,1],"2":[1,1,1,1],"3":[1,1],"4":[2,2],"5":[1,1]},"f":{"1":2,"2":2,"3":2},"fnMap":{"1":{"name":"(anonymous_1)","line":12,"loc":{"start":{"line":12,"column":1},"end":{"line":12,"column":13}}},"2":{"name":"(anonymous_2)","line":19,"loc":{"start":{"line":19,"column":5},"end":{"line":19,"column":17}}},"3":{"name":"(anonymous_3)","line":23,"loc":{"start":{"line":23,"column":24},"end":{"line":23,"column":36}}}},"statementMap":{"1":{"start":{"line":12,"column":0},"end":{"line":53,"column":5}},"2":{"start":{"line":14,"column":4},"end":{"line":14,"column":14}},"3":{"start":{"line":19,"column":4},"end":{"line":52,"column":9}},"4":{"start":{"line":21,"column":8},"end":{"line":21,"column":19}},"5":{"start":{"line":23,"column":8},"end":{"line":35,"column":13}},"6":{"start":{"line":24,"column":12},"end":{"line":34,"column":13}},"7":{"start":{"line":25,"column":16},"end":{"line":28,"column":30}},"8":{"start":{"line":30,"column":16},"end":{"line":33,"column":27}},"9":{"start":{"line":37,"column":8},"end":{"line":39,"column":21}},"10":{"start":{"line":41,"column":8},"end":{"line":41,"column":54}},"11":{"start":{"line":43,"column":8},"end":{"line":43,"column":55}},"12":{"start":{"line":45,"column":8},"end":{"line":51,"column":9}},"13":{"start":{"line":46,"column":12},"end":{"line":46,"column":61}},"14":{"start":{"line":48,"column":12},"end":{"line":48,"column":35}},"15":{"start":{"line":49,"column":12},"end":{"line":49,"column":49}},"16":{"start":{"line":50,"column":12},"end":{"line":50,"column":43}}},"branchMap":{"1":{"line":25,"type":"binary-expr","locations":[{"start":{"line":25,"column":23},"end":{"line":25,"column":62}},{"start":{"line":26,"column":20},"end":{"line":26,"column":70}},{"start":{"line":27,"column":20},"end":{"line":27,"column":71}},{"start":{"line":28,"column":20},"end":{"line":28,"column":29}}]},"2":{"line":30,"type":"binary-expr","locations":[{"start":{"line":30,"column":23},"end":{"line":30,"column":37}},{"start":{"line":31,"column":20},"end":{"line":31,"column":61}},{"start":{"line":32,"column":20},"end":{"line":32,"column":70}},{"start":{"line":33,"column":20},"end":{"line":33,"column":26}}]},"3":{"line":37,"type":"cond-expr","locations":[{"start":{"line":38,"column":14},"end":{"line":38,"column":20}},{"start":{"line":39,"column":14},"end":{"line":39,"column":20}}]},"4":{"line":41,"type":"binary-expr","locations":[{"start":{"line":41,"column":16},"end":{"line":41,"column":44}},{"start":{"line":41,"column":48},"end":{"line":41,"column":53}}]},"5":{"line":45,"type":"if","locations":[{"start":{"line":45,"column":8},"end":{"line":45,"column":8}},{"start":{"line":45,"column":8},"end":{"line":45,"column":8}}]}},"code":["/* istanbul instrument in package npmtest_nw_builder */","/*jslint","    bitwise: true,","    browser: true,","    maxerr: 8,","    maxlen: 96,","    node: true,","    nomen: true,","    regexp: true,","    stupid: true","*/","(function () {","    'use strict';","    var local;","","","","    // run shared js-env code - pre-init","    (function () {","        // init local","        local = {};","        // init modeJs","        local.modeJs = (function () {","            try {","                return typeof navigator.userAgent === 'string' &&","                    typeof document.querySelector('body') === 'object' &&","                    typeof XMLHttpRequest.prototype.open === 'function' &&","                    'browser';","            } catch (errorCaughtBrowser) {","                return module.exports &&","                    typeof process.versions.node === 'string' &&","                    typeof require('http').createServer === 'function' &&","                    'node';","            }","        }());","        // init global","        local.global = local.modeJs === 'browser'","            ? window","            : global;","        // init utility2_rollup","        local = local.global.utility2_rollup || local;","        // init lib","        local.local = local.npmtest_nw_builder = local;","        // init exports","        if (local.modeJs === 'browser') {","            local.global.utility2_npmtest_nw_builder = local;","        } else {","            module.exports = local;","            module.exports.__dirname = __dirname;","            module.exports.module = module;","        }","    }());","}());",""],"l":{"12":2,"14":2,"19":2,"21":2,"23":2,"24":2,"25":2,"30":1,"37":2,"41":2,"43":2,"45":2,"46":1,"48":1,"49":1,"50":1}},"/home/travis/build/npmtest/node-npmtest-nw-builder/example.js":{"path":"/home/travis/build/npmtest/node-npmtest-nw-builder/example.js","s":{"1":2,"2":2,"3":2,"4":2,"5":2,"6":2,"7":2,"8":1,"9":2,"10":2,"11":2,"12":2,"13":1,"14":2,"15":2,"16":2,"17":2,"18":2,"19":0,"20":2,"21":1,"22":1,"23":1,"24":1,"25":1,"26":0,"27":0,"28":1,"29":1,"30":2,"31":0,"32":0,"33":0,"34":1,"35":2,"36":2,"37":3,"38":3,"39":3,"40":3,"41":0,"42":3,"43":3,"44":3,"45":1,"46":3,"47":1,"48":1,"49":1,"50":1,"51":1,"52":1,"53":1,"54":1,"55":1,"56":1,"57":0,"58":1,"59":6,"60":6,"61":1,"62":2,"63":0,"64":2,"65":1,"66":1,"67":0,"68":0,"69":0,"70":0,"71":0,"72":0,"73":0,"74":0,"75":0,"76":0,"77":0,"78":0,"79":0,"80":0,"81":0,"82":0,"83":0},"b":{"1":[2,1,1,1],"2":[1,1,1,1],"3":[1,1],"4":[2,2],"5":[1,1],"6":[1,1],"7":[2,0],"8":[2,1,1,1,1,1],"9":[0,2,0],"10":[1,1],"11":[2,1,1],"12":[1,0],"13":[0,2],"14":[2,0,0,0,0,0,0],"15":[0,3],"16":[3,0],"17":[1,1],"18":[0,1],"19":[1,2,0,2],"20":[1,0],"21":[1,1],"22":[0,0],"23":[0,0],"24":[0,0],"25":[0,0],"26":[0,0],"27":[0,0],"28":[0,0]},"f":{"1":2,"2":2,"3":2,"4":2,"5":2,"6":2,"7":3,"8":3,"9":3,"10":1,"11":6,"12":0},"fnMap":{"1":{"name":"(anonymous_1)","line":26,"loc":{"start":{"line":26,"column":1},"end":{"line":26,"column":13}}},"2":{"name":"(anonymous_2)","line":33,"loc":{"start":{"line":33,"column":5},"end":{"line":33,"column":17}}},"3":{"name":"(anonymous_3)","line":37,"loc":{"start":{"line":37,"column":24},"end":{"line":37,"column":36}}},"4":{"name":"(anonymous_4)","line":69,"loc":{"start":{"line":69,"column":31},"end":{"line":69,"column":48}},"skip":true},"5":{"name":"(anonymous_5)","line":78,"loc":{"start":{"line":78,"column":26},"end":{"line":78,"column":45}},"skip":true},"6":{"name":"(anonymous_6)","line":123,"loc":{"start":{"line":123,"column":33},"end":{"line":123,"column":48}},"skip":true},"7":{"name":"(anonymous_7)","line":125,"loc":{"start":{"line":125,"column":27},"end":{"line":125,"column":39}},"skip":true},"8":{"name":"(anonymous_8)","line":133,"loc":{"start":{"line":133,"column":59},"end":{"line":133,"column":74}},"skip":true},"9":{"name":"(anonymous_9)","line":143,"loc":{"start":{"line":143,"column":45},"end":{"line":143,"column":62}},"skip":true},"10":{"name":"(anonymous_10)","line":144,"loc":{"start":{"line":144,"column":73},"end":{"line":144,"column":92}},"skip":true},"11":{"name":"(anonymous_11)","line":272,"loc":{"start":{"line":272,"column":51},"end":{"line":272,"column":77}},"skip":true},"12":{"name":"(anonymous_12)","line":315,"loc":{"start":{"line":315,"column":32},"end":{"line":315,"column":61}},"skip":true}},"statementMap":{"1":{"start":{"line":26,"column":0},"end":{"line":326,"column":5}},"2":{"start":{"line":28,"column":4},"end":{"line":28,"column":14}},"3":{"start":{"line":33,"column":4},"end":{"line":60,"column":9}},"4":{"start":{"line":35,"column":8},"end":{"line":35,"column":19}},"5":{"start":{"line":37,"column":8},"end":{"line":49,"column":13}},"6":{"start":{"line":38,"column":12},"end":{"line":48,"column":13}},"7":{"start":{"line":39,"column":16},"end":{"line":42,"column":30}},"8":{"start":{"line":44,"column":16},"end":{"line":47,"column":27}},"9":{"start":{"line":51,"column":8},"end":{"line":53,"column":21}},"10":{"start":{"line":55,"column":8},"end":{"line":57,"column":45}},"11":{"start":{"line":59,"column":8},"end":{"line":59,"column":35}},"12":{"start":{"line":61,"column":4},"end":{"line":325,"column":5}},"13":{"start":{"line":69,"column":8},"end":{"line":121,"column":10},"skip":true},"14":{"start":{"line":70,"column":12},"end":{"line":88,"column":13},"skip":true},"15":{"start":{"line":76,"column":16},"end":{"line":87,"column":19},"skip":true},"16":{"start":{"line":79,"column":20},"end":{"line":86,"column":21},"skip":true},"17":{"start":{"line":82,"column":24},"end":{"line":82,"column":43},"skip":true},"18":{"start":{"line":83,"column":24},"end":{"line":83,"column":30},"skip":true},"19":{"start":{"line":85,"column":24},"end":{"line":85,"column":49},"skip":true},"20":{"start":{"line":89,"column":12},"end":{"line":107,"column":13},"skip":true},"21":{"start":{"line":92,"column":16},"end":{"line":102,"column":17},"skip":true},"22":{"start":{"line":93,"column":20},"end":{"line":93,"column":86},"skip":true},"23":{"start":{"line":94,"column":20},"end":{"line":95,"column":45},"skip":true},"24":{"start":{"line":96,"column":20},"end":{"line":96,"column":42},"skip":true},"25":{"start":{"line":97,"column":20},"end":{"line":97,"column":48},"skip":true},"26":{"start":{"line":100,"column":20},"end":{"line":100,"column":85},"skip":true},"27":{"start":{"line":101,"column":20},"end":{"line":101,"column":96},"skip":true},"28":{"start":{"line":103,"column":16},"end":{"line":103,"column":22},"skip":true},"29":{"start":{"line":106,"column":16},"end":{"line":106,"column":22},"skip":true},"30":{"start":{"line":108,"column":12},"end":{"line":120,"column":13},"skip":true},"31":{"start":{"line":114,"column":16},"end":{"line":119,"column":17},"skip":true},"32":{"start":{"line":116,"column":20},"end":{"line":116,"column":78},"skip":true},"33":{"start":{"line":118,"column":20},"end":{"line":118,"column":47},"skip":true},"34":{"start":{"line":123,"column":8},"end":{"line":141,"column":11},"skip":true},"35":{"start":{"line":124,"column":12},"end":{"line":124,"column":54},"skip":true},"36":{"start":{"line":125,"column":12},"end":{"line":140,"column":14},"skip":true},"37":{"start":{"line":126,"column":16},"end":{"line":126,"column":28},"skip":true},"38":{"start":{"line":127,"column":16},"end":{"line":127,"column":69},"skip":true},"39":{"start":{"line":128,"column":16},"end":{"line":128,"column":75},"skip":true},"40":{"start":{"line":129,"column":16},"end":{"line":131,"column":17},"skip":true},"41":{"start":{"line":130,"column":20},"end":{"line":130,"column":27},"skip":true},"42":{"start":{"line":133,"column":16},"end":{"line":137,"column":36},"skip":true},"43":{"start":{"line":134,"column":20},"end":{"line":136,"column":55},"skip":true},"44":{"start":{"line":139,"column":16},"end":{"line":139,"column":57},"skip":true},"45":{"start":{"line":143,"column":8},"end":{"line":147,"column":11},"skip":true},"46":{"start":{"line":144,"column":12},"end":{"line":146,"column":15},"skip":true},"47":{"start":{"line":145,"column":16},"end":{"line":145,"column":70},"skip":true},"48":{"start":{"line":149,"column":8},"end":{"line":149,"column":31},"skip":true},"49":{"start":{"line":150,"column":8},"end":{"line":150,"column":14},"skip":true},"50":{"start":{"line":158,"column":8},"end":{"line":158,"column":31},"skip":true},"51":{"start":{"line":160,"column":8},"end":{"line":160,"column":33},"skip":true},"52":{"start":{"line":161,"column":8},"end":{"line":161,"column":37},"skip":true},"53":{"start":{"line":162,"column":8},"end":{"line":162,"column":35},"skip":true},"54":{"start":{"line":164,"column":8},"end":{"line":164,"column":50},"skip":true},"55":{"start":{"line":166,"column":8},"end":{"line":256,"column":2},"skip":true},"56":{"start":{"line":258,"column":8},"end":{"line":286,"column":9},"skip":true},"57":{"start":{"line":259,"column":12},"end":{"line":269,"column":14},"skip":true},"58":{"start":{"line":271,"column":12},"end":{"line":285,"column":19},"skip":true},"59":{"start":{"line":274,"column":20},"end":{"line":274,"column":35},"skip":true},"60":{"start":{"line":275,"column":20},"end":{"line":284,"column":21},"skip":true},"61":{"start":{"line":277,"column":24},"end":{"line":277,"column":64},"skip":true},"62":{"start":{"line":279,"column":24},"end":{"line":279,"column":40},"skip":true},"63":{"start":{"line":281,"column":24},"end":{"line":281,"column":40},"skip":true},"64":{"start":{"line":283,"column":24},"end":{"line":283,"column":39},"skip":true},"65":{"start":{"line":288,"column":8},"end":{"line":290,"column":9},"skip":true},"66":{"start":{"line":289,"column":12},"end":{"line":289,"column":18},"skip":true},"67":{"start":{"line":291,"column":8},"end":{"line":293,"column":54},"skip":true},"68":{"start":{"line":296,"column":8},"end":{"line":301,"column":37},"skip":true},"69":{"start":{"line":303,"column":8},"end":{"line":303,"column":82},"skip":true},"70":{"start":{"line":306,"column":8},"end":{"line":308,"column":9},"skip":true},"71":{"start":{"line":307,"column":12},"end":{"line":307,"column":82},"skip":true},"72":{"start":{"line":310,"column":8},"end":{"line":312,"column":9},"skip":true},"73":{"start":{"line":311,"column":12},"end":{"line":311,"column":18},"skip":true},"74":{"start":{"line":313,"column":8},"end":{"line":313,"column":54},"skip":true},"75":{"start":{"line":314,"column":8},"end":{"line":314,"column":69},"skip":true},"76":{"start":{"line":315,"column":8},"end":{"line":323,"column":36},"skip":true},"77":{"start":{"line":316,"column":12},"end":{"line":316,"column":61},"skip":true},"78":{"start":{"line":317,"column":12},"end":{"line":320,"column":13},"skip":true},"79":{"start":{"line":318,"column":16},"end":{"line":318,"column":75},"skip":true},"80":{"start":{"line":319,"column":16},"end":{"line":319,"column":23},"skip":true},"81":{"start":{"line":321,"column":12},"end":{"line":321,"column":38},"skip":true},"82":{"start":{"line":322,"column":12},"end":{"line":322,"column":27},"skip":true},"83":{"start":{"line":324,"column":8},"end":{"line":324,"column":14},"skip":true}},"branchMap":{"1":{"line":39,"type":"binary-expr","locations":[{"start":{"line":39,"column":23},"end":{"line":39,"column":62}},{"start":{"line":40,"column":20},"end":{"line":40,"column":70}},{"start":{"line":41,"column":20},"end":{"line":41,"column":71}},{"start":{"line":42,"column":20},"end":{"line":42,"column":29}}]},"2":{"line":44,"type":"binary-expr","locations":[{"start":{"line":44,"column":23},"end":{"line":44,"column":37}},{"start":{"line":45,"column":20},"end":{"line":45,"column":61}},{"start":{"line":46,"column":20},"end":{"line":46,"column":70}},{"start":{"line":47,"column":20},"end":{"line":47,"column":26}}]},"3":{"line":51,"type":"cond-expr","locations":[{"start":{"line":52,"column":14},"end":{"line":52,"column":20}},{"start":{"line":53,"column":14},"end":{"line":53,"column":20}}]},"4":{"line":55,"type":"binary-expr","locations":[{"start":{"line":55,"column":16},"end":{"line":55,"column":44}},{"start":{"line":55,"column":49},"end":{"line":57,"column":43}}]},"5":{"line":55,"type":"cond-expr","locations":[{"start":{"line":56,"column":14},"end":{"line":56,"column":54}},{"start":{"line":57,"column":14},"end":{"line":57,"column":43}}]},"6":{"line":61,"type":"switch","locations":[{"start":{"line":68,"column":4},"end":{"line":150,"column":14},"skip":true},{"start":{"line":156,"column":4},"end":{"line":324,"column":14},"skip":true}]},"7":{"line":70,"type":"if","locations":[{"start":{"line":70,"column":12},"end":{"line":70,"column":12},"skip":true},{"start":{"line":70,"column":12},"end":{"line":70,"column":12},"skip":true}]},"8":{"line":70,"type":"binary-expr","locations":[{"start":{"line":70,"column":16},"end":{"line":70,"column":22},"skip":true},{"start":{"line":70,"column":27},"end":{"line":70,"column":32},"skip":true},{"start":{"line":71,"column":20},"end":{"line":71,"column":39},"skip":true},{"start":{"line":72,"column":20},"end":{"line":72,"column":49},"skip":true},{"start":{"line":73,"column":20},"end":{"line":73,"column":58},"skip":true},{"start":{"line":74,"column":20},"end":{"line":74,"column":69},"skip":true}]},"9":{"line":79,"type":"switch","locations":[{"start":{"line":80,"column":20},"end":{"line":80,"column":33},"skip":true},{"start":{"line":81,"column":20},"end":{"line":83,"column":30},"skip":true},{"start":{"line":84,"column":20},"end":{"line":85,"column":49},"skip":true}]},"10":{"line":89,"type":"switch","locations":[{"start":{"line":90,"column":12},"end":{"line":103,"column":22},"skip":true},{"start":{"line":105,"column":12},"end":{"line":106,"column":22},"skip":true}]},"11":{"line":89,"type":"binary-expr","locations":[{"start":{"line":89,"column":20},"end":{"line":89,"column":25},"skip":true},{"start":{"line":89,"column":29},"end":{"line":89,"column":48},"skip":true},{"start":{"line":89,"column":52},"end":{"line":89,"column":74},"skip":true}]},"12":{"line":92,"type":"if","locations":[{"start":{"line":92,"column":16},"end":{"line":92,"column":16},"skip":true},{"start":{"line":92,"column":16},"end":{"line":92,"column":16},"skip":true}]},"13":{"line":108,"type":"if","locations":[{"start":{"line":108,"column":12},"end":{"line":108,"column":12},"skip":true},{"start":{"line":108,"column":12},"end":{"line":108,"column":12},"skip":true}]},"14":{"line":108,"type":"binary-expr","locations":[{"start":{"line":108,"column":16},"end":{"line":108,"column":61},"skip":true},{"start":{"line":108,"column":66},"end":{"line":108,"column":72},"skip":true},{"start":{"line":108,"column":77},"end":{"line":108,"column":82},"skip":true},{"start":{"line":109,"column":20},"end":{"line":109,"column":39},"skip":true},{"start":{"line":110,"column":20},"end":{"line":110,"column":49},"skip":true},{"start":{"line":111,"column":20},"end":{"line":111,"column":58},"skip":true},{"start":{"line":112,"column":20},"end":{"line":112,"column":68},"skip":true}]},"15":{"line":129,"type":"if","locations":[{"start":{"line":129,"column":16},"end":{"line":129,"column":16},"skip":true},{"start":{"line":129,"column":16},"end":{"line":129,"column":16},"skip":true}]},"16":{"line":134,"type":"cond-expr","locations":[{"start":{"line":135,"column":26},"end":{"line":135,"column":29},"skip":true},{"start":{"line":136,"column":26},"end":{"line":136,"column":54},"skip":true}]},"17":{"line":164,"type":"binary-expr","locations":[{"start":{"line":164,"column":27},"end":{"line":164,"column":43},"skip":true},{"start":{"line":164,"column":47},"end":{"line":164,"column":49},"skip":true}]},"18":{"line":258,"type":"if","locations":[{"start":{"line":258,"column":8},"end":{"line":258,"column":8},"skip":true},{"start":{"line":258,"column":8},"end":{"line":258,"column":8},"skip":true}]},"19":{"line":275,"type":"switch","locations":[{"start":{"line":276,"column":20},"end":{"line":277,"column":64},"skip":true},{"start":{"line":278,"column":20},"end":{"line":279,"column":40},"skip":true},{"start":{"line":280,"column":20},"end":{"line":281,"column":40},"skip":true},{"start":{"line":282,"column":20},"end":{"line":283,"column":39},"skip":true}]},"20":{"line":288,"type":"if","locations":[{"start":{"line":288,"column":8},"end":{"line":288,"column":8},"skip":true},{"start":{"line":288,"column":8},"end":{"line":288,"column":8},"skip":true}]},"21":{"line":288,"type":"binary-expr","locations":[{"start":{"line":288,"column":12},"end":{"line":288,"column":40},"skip":true},{"start":{"line":288,"column":44},"end":{"line":288,"column":67},"skip":true}]},"22":{"line":292,"type":"binary-expr","locations":[{"start":{"line":292,"column":12},"end":{"line":292,"column":50},"skip":true},{"start":{"line":293,"column":12},"end":{"line":293,"column":53},"skip":true}]},"23":{"line":297,"type":"binary-expr","locations":[{"start":{"line":297,"column":12},"end":{"line":297,"column":68},"skip":true},{"start":{"line":298,"column":12},"end":{"line":301,"column":36},"skip":true}]},"24":{"line":303,"type":"binary-expr","locations":[{"start":{"line":303,"column":43},"end":{"line":303,"column":75},"skip":true},{"start":{"line":303,"column":79},"end":{"line":303,"column":81},"skip":true}]},"25":{"line":306,"type":"if","locations":[{"start":{"line":306,"column":8},"end":{"line":306,"column":8},"skip":true},{"start":{"line":306,"column":8},"end":{"line":306,"column":8},"skip":true}]},"26":{"line":310,"type":"if","locations":[{"start":{"line":310,"column":8},"end":{"line":310,"column":8},"skip":true},{"start":{"line":310,"column":8},"end":{"line":310,"column":8},"skip":true}]},"27":{"line":313,"type":"binary-expr","locations":[{"start":{"line":313,"column":27},"end":{"line":313,"column":43},"skip":true},{"start":{"line":313,"column":47},"end":{"line":313,"column":53},"skip":true}]},"28":{"line":317,"type":"if","locations":[{"start":{"line":317,"column":12},"end":{"line":317,"column":12},"skip":true},{"start":{"line":317,"column":12},"end":{"line":317,"column":12},"skip":true}]}},"code":["/*","example.js","","quickstart example","","instruction","    1. save this script as example.js","    2. run the shell command:","        $ npm install npmtest-nw-builder && PORT=8081 node example.js","    3. play with the browser-demo on http://127.0.0.1:8081","*/","","","","/* istanbul instrument in package npmtest_nw_builder */","/*jslint","    bitwise: true,","    browser: true,","    maxerr: 8,","    maxlen: 96,","    node: true,","    nomen: true,","    regexp: true,","    stupid: true","*/","(function () {","    'use strict';","    var local;","","","","    // run shared js-env code - pre-init","    (function () {","        // init local","        local = {};","        // init modeJs","        local.modeJs = (function () {","            try {","                return typeof navigator.userAgent === 'string' &&","                    typeof document.querySelector('body') === 'object' &&","                    typeof XMLHttpRequest.prototype.open === 'function' &&","                    'browser';","            } catch (errorCaughtBrowser) {","                return module.exports &&","                    typeof process.versions.node === 'string' &&","                    typeof require('http').createServer === 'function' &&","                    'node';","            }","        }());","        // init global","        local.global = local.modeJs === 'browser'","            ? window","            : global;","        // init utility2_rollup","        local = local.global.utility2_rollup || (local.modeJs === 'browser'","            ? local.global.utility2_npmtest_nw_builder","            : global.utility2_moduleExports);","        // export local","        local.global.local = local;","    }());","    switch (local.modeJs) {","","","","    // post-init","    // run browser js-env code - post-init","    /* istanbul ignore next */","    case 'browser':","        local.testRunBrowser = function (event) {","            if (!event || (event &&","                    event.currentTarget &&","                    event.currentTarget.className &&","                    event.currentTarget.className.includes &&","                    event.currentTarget.className.includes('onreset'))) {","                // reset output","                Array.from(","                    document.querySelectorAll('body > .resettable')","                ).forEach(function (element) {","                    switch (element.tagName) {","                    case 'INPUT':","                    case 'TEXTAREA':","                        element.value = '';","                        break;","                    default:","                        element.textContent = '';","                    }","                });","            }","            switch (event && event.currentTarget && event.currentTarget.id) {","            case 'testRunButton1':","                // show tests","                if (document.querySelector('#testReportDiv1').style.display === 'none') {","                    document.querySelector('#testReportDiv1').style.display = 'block';","                    document.querySelector('#testRunButton1').textContent =","                        'hide internal test';","                    local.modeTest = true;","                    local.testRunDefault(local);","                // hide tests","                } else {","                    document.querySelector('#testReportDiv1').style.display = 'none';","                    document.querySelector('#testRunButton1').textContent = 'run internal test';","                }","                break;","            // custom-case","            default:","                break;","            }","            if (document.querySelector('#inputTextareaEval1') && (!event || (event &&","                    event.currentTarget &&","                    event.currentTarget.className &&","                    event.currentTarget.className.includes &&","                    event.currentTarget.className.includes('oneval')))) {","                // try to eval input-code","                try {","                    /*jslint evil: true*/","                    eval(document.querySelector('#inputTextareaEval1').value);","                } catch (errorCaught) {","                    console.error(errorCaught);","                }","            }","        };","        // log stderr and stdout to #outputTextareaStdout1","        ['error', 'log'].forEach(function (key) {","            console[key + '_original'] = console[key];","            console[key] = function () {","                var element;","                console[key + '_original'].apply(console, arguments);","                element = document.querySelector('#outputTextareaStdout1');","                if (!element) {","                    return;","                }","                // append text to #outputTextareaStdout1","                element.value += Array.from(arguments).map(function (arg) {","                    return typeof arg === 'string'","                        ? arg","                        : JSON.stringify(arg, null, 4);","                }).join(' ') + '\\n';","                // scroll textarea to bottom","                element.scrollTop = element.scrollHeight;","            };","        });","        // init event-handling","        ['change', 'click', 'keyup'].forEach(function (event) {","            Array.from(document.querySelectorAll('.on' + event)).forEach(function (element) {","                element.addEventListener(event, local.testRunBrowser);","            });","        });","        // run tests","        local.testRunBrowser();","        break;","","","","    // run node js-env code - post-init","    /* istanbul ignore next */","    case 'node':","        // export local","        module.exports = local;","        // require modules","        local.fs = require('fs');","        local.http = require('http');","        local.url = require('url');","        // init assets","        local.assetsDict = local.assetsDict || {};","        /* jslint-ignore-begin */","        local.assetsDict['/assets.index.template.html'] = '\\","<!doctype html>\\n\\","<html lang=\"en\">\\n\\","<head>\\n\\","<meta charset=\"UTF-8\">\\n\\","<meta name=\"viewport\" content=\"width=device-width, initial-scale=1\">\\n\\","<title>{{env.npm_package_name}} (v{{env.npm_package_version}})</title>\\n\\","<style>\\n\\","/*csslint\\n\\","    box-sizing: false,\\n\\","    universal-selector: false\\n\\","*/\\n\\","* {\\n\\","    box-sizing: border-box;\\n\\","}\\n\\","body {\\n\\","    background: #dde;\\n\\","    font-family: Arial, Helvetica, sans-serif;\\n\\","    margin: 2rem;\\n\\","}\\n\\","body > * {\\n\\","    margin-bottom: 1rem;\\n\\","}\\n\\",".utility2FooterDiv {\\n\\","    margin-top: 20px;\\n\\","    text-align: center;\\n\\","}\\n\\","</style>\\n\\","<style>\\n\\","/*csslint\\n\\","*/\\n\\","textarea {\\n\\","    font-family: monospace;\\n\\","    height: 10rem;\\n\\","    width: 100%;\\n\\","}\\n\\","textarea[readonly] {\\n\\","    background: #ddd;\\n\\","}\\n\\","</style>\\n\\","</head>\\n\\","<body>\\n\\","<!-- utility2-comment\\n\\","<div id=\"ajaxProgressDiv1\" style=\"background: #d00; height: 2px; left: 0; margin: 0; padding: 0; position: fixed; top: 0; transition: background 0.5s, width 1.5s; width: 25%;\"></div>\\n\\","utility2-comment -->\\n\\","<h1>\\n\\","<!-- utility2-comment\\n\\","    <a\\n\\","        {{#if env.npm_package_homepage}}\\n\\","        href=\"{{env.npm_package_homepage}}\"\\n\\","        {{/if env.npm_package_homepage}}\\n\\","        target=\"_blank\"\\n\\","    >\\n\\","utility2-comment -->\\n\\","        {{env.npm_package_name}} (v{{env.npm_package_version}})\\n\\","<!-- utility2-comment\\n\\","    </a>\\n\\","utility2-comment -->\\n\\","</h1>\\n\\","<h3>{{env.npm_package_description}}</h3>\\n\\","<!-- utility2-comment\\n\\","<h4><a download href=\"assets.app.js\">download standalone app</a></h4>\\n\\","<button class=\"onclick onreset\" id=\"testRunButton1\">run internal test</button><br>\\n\\","<div id=\"testReportDiv1\" style=\"display: none;\"></div>\\n\\","utility2-comment -->\\n\\","\\n\\","\\n\\","\\n\\","<label>stderr and stdout</label>\\n\\","<textarea class=\"resettable\" id=\"outputTextareaStdout1\" readonly></textarea>\\n\\","<!-- utility2-comment\\n\\","{{#if isRollup}}\\n\\","<script src=\"assets.app.js\"></script>\\n\\","{{#unless isRollup}}\\n\\","utility2-comment -->\\n\\","<script src=\"assets.utility2.rollup.js\"></script>\\n\\","<script src=\"jsonp.utility2._stateInit?callback=window.utility2._stateInit\"></script>\\n\\","<script src=\"assets.npmtest_nw_builder.rollup.js\"></script>\\n\\","<script src=\"assets.example.js\"></script>\\n\\","<script src=\"assets.test.js\"></script>\\n\\","<!-- utility2-comment\\n\\","{{/if isRollup}}\\n\\","utility2-comment -->\\n\\","<div class=\"utility2FooterDiv\">\\n\\","    [ this app was created with\\n\\","    <a href=\"https://github.com/kaizhu256/node-utility2\" target=\"_blank\">utility2</a>\\n\\","    ]\\n\\","</div>\\n\\","</body>\\n\\","</html>\\n\\","';","        /* jslint-ignore-end */","        if (local.templateRender) {","            local.assetsDict['/'] = local.templateRender(","                local.assetsDict['/assets.index.template.html'],","                {","                    env: local.objectSetDefault(local.env, {","                        npm_package_description: 'the greatest app in the world!',","                        npm_package_name: 'my-app',","                        npm_package_nameAlias: 'my_app',","                        npm_package_version: '0.0.1'","                    })","                }","            );","        } else {","            local.assetsDict['/'] = local.assetsDict['/assets.index.template.html']","                .replace((/\\{\\{env\\.(\\w+?)\\}\\}/g), function (match0, match1) {","                    // jslint-hack","                    String(match0);","                    switch (match1) {","                    case 'npm_package_description':","                        return 'the greatest app in the world!';","                    case 'npm_package_name':","                        return 'my-app';","                    case 'npm_package_nameAlias':","                        return 'my_app';","                    case 'npm_package_version':","                        return '0.0.1';","                    }","                });","        }","        // run the cli","        if (local.global.utility2_rollup || module !== require.main) {","            break;","        }","        local.assetsDict['/assets.example.js'] =","            local.assetsDict['/assets.example.js'] ||","            local.fs.readFileSync(__filename, 'utf8');","        // bug-workaround - long $npm_package_buildCustomOrg","        /* jslint-ignore-begin */","        local.assetsDict['/assets.npmtest_nw_builder.rollup.js'] =","            local.assetsDict['/assets.npmtest_nw_builder.rollup.js'] ||","            local.fs.readFileSync(","                local.npmtest_nw_builder.__dirname + '/lib.npmtest_nw_builder.js',","                'utf8'","            ).replace((/^#!/), '//');","        /* jslint-ignore-end */","        local.assetsDict['/favicon.ico'] = local.assetsDict['/favicon.ico'] || '';","        // if $npm_config_timeout_exit exists,","        // then exit this process after $npm_config_timeout_exit ms","        if (Number(process.env.npm_config_timeout_exit)) {","            setTimeout(process.exit, Number(process.env.npm_config_timeout_exit));","        }","        // start server","        if (local.global.utility2_serverHttp1) {","            break;","        }","        process.env.PORT = process.env.PORT || '8081';","        console.error('server starting on port ' + process.env.PORT);","        local.http.createServer(function (request, response) {","            request.urlParsed = local.url.parse(request.url);","            if (local.assetsDict[request.urlParsed.pathname] !== undefined) {","                response.end(local.assetsDict[request.urlParsed.pathname]);","                return;","            }","            response.statusCode = 404;","            response.end();","        }).listen(process.env.PORT);","        break;","    }","}());",""],"l":{"26":2,"28":2,"33":2,"35":2,"37":2,"38":2,"39":2,"44":1,"51":2,"55":2,"59":2,"61":2,"69":1,"70":2,"76":2,"79":2,"82":2,"83":2,"85":1,"89":2,"92":1,"93":1,"94":1,"96":1,"97":1,"100":1,"101":1,"103":1,"106":1,"108":2,"114":1,"116":1,"118":1,"123":1,"124":2,"125":2,"126":3,"127":3,"128":3,"129":3,"130":1,"133":3,"134":3,"139":3,"143":1,"144":3,"145":1,"149":1,"150":1,"158":1,"160":1,"161":1,"162":1,"164":1,"166":1,"258":1,"259":1,"271":1,"274":6,"275":6,"277":1,"279":2,"281":1,"283":2,"288":1,"289":1,"291":1,"296":1,"303":1,"306":1,"307":1,"310":1,"311":1,"313":1,"314":1,"315":1,"316":1,"317":1,"318":1,"319":1,"321":1,"322":1,"324":1}},"/home/travis/build/npmtest/node-npmtest-nw-builder/node_modules/nw-builder/index.js":{"path":"/home/travis/build/npmtest/node-npmtest-nw-builder/node_modules/nw-builder/index.js","s":{"1":1},"b":{},"f":{},"fnMap":{},"statementMap":{"1":{"start":{"line":1,"column":0},"end":{"line":1,"column":34}}},"branchMap":{},"code":["module.exports = require('./lib');"],"l":{"1":1}},"/home/travis/build/npmtest/node-npmtest-nw-builder/node_modules/nw-builder/lib/index.js":{"path":"/home/travis/build/npmtest/node-npmtest-nw-builder/node_modules/nw-builder/lib/index.js","s":{"1":1,"2":1,"3":1,"4":1,"5":1,"6":1,"7":1,"8":1,"9":1,"10":1,"11":1,"12":1,"13":1,"14":1,"15":1,"16":1,"17":1,"18":1,"19":1,"20":1,"21":1,"22":1,"23":0,"24":0,"25":0,"26":0,"27":0,"28":0,"29":0,"30":0,"31":0,"32":0,"33":0,"34":0,"35":0,"36":0,"37":0,"38":0,"39":0,"40":0,"41":0,"42":0,"43":1,"44":0,"45":0,"46":0,"47":0,"48":0,"49":0,"50":0,"51":0,"52":0,"53":0,"54":1,"55":0,"56":0,"57":0,"58":0,"59":0,"60":0,"61":0,"62":0,"63":0,"64":1,"65":0,"66":0,"67":0,"68":0,"69":0,"70":0,"71":0,"72":0,"73":0,"74":1,"75":0,"76":0,"77":0,"78":0,"79":0,"80":0,"81":0,"82":1,"83":0,"84":0,"85":0,"86":0,"87":0,"88":0,"89":0,"90":0,"91":0,"92":0,"93":0,"94":0,"95":0,"96":0,"97":0,"98":0,"99":0,"100":0,"101":0,"102":0,"103":0,"104":0,"105":0,"106":0,"107":0,"108":1,"109":0,"110":0,"111":0,"112":0,"113":0,"114":0,"115":1,"116":0,"117":0,"118":0,"119":0,"120":0,"121":0,"122":0,"123":0,"124":0,"125":0,"126":0,"127":0,"128":0,"129":0,"130":0,"131":0,"132":0,"133":0,"134":0,"135":1,"136":1,"137":0,"138":0,"139":0,"140":0,"141":0,"142":0,"143":0,"144":0,"145":0,"146":0,"147":1,"148":0,"149":0,"150":0,"151":0,"152":0,"153":0,"154":0,"155":0,"156":0,"157":0,"158":0,"159":0,"160":0,"161":0,"162":0,"163":0,"164":0,"165":0,"166":0,"167":0,"168":0,"169":1,"170":0,"171":0,"172":0,"173":0,"174":0,"175":0,"176":0,"177":0,"178":0,"179":0,"180":0,"181":0,"182":0,"183":0,"184":0,"185":0,"186":0,"187":0,"188":0,"189":0,"190":0,"191":0,"192":0,"193":0,"194":0,"195":0,"196":0,"197":0,"198":1,"199":0,"200":0,"201":0,"202":0,"203":0,"204":0,"205":0,"206":1,"207":0,"208":0,"209":0,"210":0,"211":0,"212":0,"213":0,"214":0,"215":0,"216":0,"217":0,"218":0,"219":0,"220":0,"221":0,"222":0,"223":0,"224":0,"225":0,"226":0,"227":0,"228":0,"229":0,"230":0,"231":0,"232":0,"233":0,"234":0,"235":0,"236":1,"237":0,"238":0,"239":0,"240":0,"241":0,"242":0,"243":0,"244":0,"245":0,"246":0,"247":0,"248":0,"249":0,"250":0,"251":0,"252":0,"253":0,"254":0,"255":1,"256":0,"257":1,"258":0,"259":0,"260":0,"261":0,"262":0,"263":0,"264":0,"265":0,"266":1,"267":0,"268":0,"269":0,"270":0,"271":0,"272":0,"273":0,"274":0,"275":0,"276":0,"277":0,"278":0,"279":0,"280":0,"281":0,"282":0,"283":0,"284":1,"285":0,"286":0,"287":0,"288":0,"289":0,"290":0,"291":0,"292":0,"293":0,"294":0,"295":0,"296":0,"297":1,"298":0,"299":0,"300":0,"301":0,"302":0,"303":0,"304":0,"305":0,"306":0,"307":0,"308":0,"309":0,"310":0,"311":0,"312":0,"313":0,"314":0,"315":0,"316":0,"317":0,"318":0,"319":0,"320":0,"321":0,"322":0,"323":0,"324":0,"325":0,"326":0,"327":0,"328":0,"329":0,"330":0,"331":0,"332":0,"333":1,"334":0,"335":1,"336":0,"337":1,"338":0,"339":0,"340":1,"341":0,"342":1,"343":0,"344":0,"345":0,"346":0,"347":0,"348":0,"349":1,"350":0,"351":0,"352":1,"353":0,"354":0,"355":0,"356":0,"357":0,"358":1,"359":0,"360":0,"361":0,"362":0,"363":0,"364":0,"365":0,"366":0,"367":0,"368":0,"369":0,"370":0},"b":{"1":[0,0],"2":[0,0],"3":[0,0],"4":[0,0],"5":[0,0],"6":[0,0],"7":[0,0],"8":[0,0],"9":[0,0],"10":[0,0],"11":[0,0],"12":[0,0],"13":[0,0],"14":[0,0],"15":[0,0],"16":[0,0],"17":[0,0],"18":[0,0],"19":[0,0],"20":[0,0],"21":[0,0],"22":[0,0],"23":[0,0],"24":[0,0],"25":[0,0],"26":[0,0],"27":[0,0],"28":[0,0],"29":[0,0],"30":[0,0],"31":[0,0],"32":[0,0],"33":[0,0],"34":[0,0],"35":[0,0],"36":[0,0],"37":[0,0],"38":[0,0],"39":[0,0],"40":[0,0],"41":[0,0,0],"42":[0,0],"43":[0,0],"44":[0,0],"45":[0,0],"46":[0,0],"47":[0,0],"48":[0,0],"49":[0,0],"50":[0,0],"51":[0,0],"52":[0,0],"53":[0,0],"54":[0,0],"55":[0,0],"56":[0,0],"57":[0,0],"58":[0,0],"59":[0,0],"60":[0,0],"61":[0,0],"62":[0,0],"63":[0,0],"64":[0,0],"65":[0,0],"66":[0,0],"67":[0,0,0],"68":[0,0],"69":[0,0],"70":[0,0],"71":[0,0],"72":[0,0],"73":[0,0],"74":[0,0],"75":[0,0],"76":[0,0],"77":[0,0],"78":[0,0],"79":[0,0],"80":[0,0],"81":[0,0],"82":[0,0],"83":[0,0],"84":[0,0],"85":[0,0],"86":[0,0],"87":[0,0],"88":[0,0],"89":[0,0],"90":[0,0],"91":[0,0],"92":[0,0],"93":[0,0],"94":[0,0]},"f":{"1":0,"2":0,"3":0,"4":0,"5":0,"6":0,"7":0,"8":0,"9":0,"10":0,"11":0,"12":0,"13":0,"14":0,"15":0,"16":0,"17":0,"18":0,"19":0,"20":0,"21":0,"22":0,"23":0,"24":0,"25":0,"26":0,"27":0,"28":0,"29":0,"30":0,"31":0,"32":0,"33":0,"34":0,"35":0,"36":0,"37":0,"38":0,"39":0,"40":0,"41":0,"42":0,"43":0,"44":0,"45":0,"46":0,"47":0,"48":0,"49":0,"50":0,"51":0,"52":0,"53":0,"54":0,"55":0,"56":0,"57":0,"58":0,"59":0,"60":0,"61":0,"62":0,"63":0,"64":0,"65":0,"66":0,"67":0,"68":0,"69":0,"70":0,"71":0,"72":0,"73":0,"74":0,"75":0,"76":0},"fnMap":{"1":{"name":"NwBuilder","line":25,"loc":{"start":{"line":25,"column":0},"end":{"line":25,"column":28}}},"2":{"name":"(anonymous_2)","line":75,"loc":{"start":{"line":75,"column":35},"end":{"line":75,"column":54}}},"3":{"name":"(anonymous_3)","line":89,"loc":{"start":{"line":89,"column":28},"end":{"line":89,"column":48}}},"4":{"name":"(anonymous_4)","line":106,"loc":{"start":{"line":106,"column":14},"end":{"line":106,"column":30}}},"5":{"name":"(anonymous_5)","line":116,"loc":{"start":{"line":116,"column":15},"end":{"line":116,"column":32}}},"6":{"name":"(anonymous_6)","line":127,"loc":{"start":{"line":127,"column":26},"end":{"line":127,"column":46}}},"7":{"name":"(anonymous_7)","line":138,"loc":{"start":{"line":138,"column":14},"end":{"line":138,"column":30}}},"8":{"name":"(anonymous_8)","line":145,"loc":{"start":{"line":145,"column":15},"end":{"line":145,"column":32}}},"9":{"name":"(anonymous_9)","line":157,"loc":{"start":{"line":157,"column":33},"end":{"line":157,"column":45}}},"10":{"name":"(anonymous_10)","line":160,"loc":{"start":{"line":160,"column":54},"end":{"line":160,"column":70}}},"11":{"name":"(anonymous_11)","line":165,"loc":{"start":{"line":165,"column":55},"end":{"line":165,"column":73}}},"12":{"name":"(anonymous_12)","line":177,"loc":{"start":{"line":177,"column":43},"end":{"line":177,"column":55}}},"13":{"name":"(anonymous_13)","line":182,"loc":{"start":{"line":182,"column":117},"end":{"line":182,"column":140}}},"14":{"name":"(anonymous_14)","line":189,"loc":{"start":{"line":189,"column":35},"end":{"line":189,"column":47}}},"15":{"name":"(anonymous_15)","line":199,"loc":{"start":{"line":199,"column":33},"end":{"line":199,"column":43}}},"16":{"name":"(anonymous_16)","line":213,"loc":{"start":{"line":213,"column":30},"end":{"line":213,"column":54}}},"17":{"name":"(anonymous_17)","line":245,"loc":{"start":{"line":245,"column":14},"end":{"line":245,"column":31}}},"18":{"name":"(anonymous_18)","line":255,"loc":{"start":{"line":255,"column":46},"end":{"line":255,"column":58}}},"19":{"name":"(anonymous_19)","line":258,"loc":{"start":{"line":258,"column":26},"end":{"line":258,"column":52}}},"20":{"name":"(anonymous_20)","line":270,"loc":{"start":{"line":270,"column":35},"end":{"line":270,"column":47}}},"21":{"name":"(anonymous_21)","line":274,"loc":{"start":{"line":274,"column":26},"end":{"line":274,"column":52}}},"22":{"name":"(anonymous_22)","line":289,"loc":{"start":{"line":289,"column":27},"end":{"line":289,"column":40}}},"23":{"name":"(anonymous_23)","line":306,"loc":{"start":{"line":306,"column":14},"end":{"line":306,"column":29}}},"24":{"name":"(anonymous_24)","line":312,"loc":{"start":{"line":312,"column":38},"end":{"line":312,"column":50}}},"25":{"name":"(anonymous_25)","line":321,"loc":{"start":{"line":321,"column":55},"end":{"line":321,"column":65}}},"26":{"name":"(anonymous_26)","line":329,"loc":{"start":{"line":329,"column":26},"end":{"line":329,"column":52}}},"27":{"name":"(anonymous_27)","line":337,"loc":{"start":{"line":337,"column":15},"end":{"line":337,"column":36}}},"28":{"name":"(anonymous_28)","line":346,"loc":{"start":{"line":346,"column":42},"end":{"line":346,"column":54}}},"29":{"name":"(anonymous_29)","line":369,"loc":{"start":{"line":369,"column":26},"end":{"line":369,"column":52}}},"30":{"name":"(anonymous_30)","line":370,"loc":{"start":{"line":370,"column":51},"end":{"line":370,"column":76}}},"31":{"name":"(anonymous_31)","line":374,"loc":{"start":{"line":374,"column":44},"end":{"line":374,"column":57}}},"32":{"name":"(anonymous_32)","line":377,"loc":{"start":{"line":377,"column":48},"end":{"line":377,"column":61}}},"33":{"name":"(anonymous_33)","line":391,"loc":{"start":{"line":391,"column":31},"end":{"line":391,"column":43}}},"34":{"name":"(anonymous_34)","line":395,"loc":{"start":{"line":395,"column":26},"end":{"line":395,"column":52}}},"35":{"name":"(anonymous_35)","line":402,"loc":{"start":{"line":402,"column":65},"end":{"line":402,"column":79}}},"36":{"name":"(anonymous_36)","line":413,"loc":{"start":{"line":413,"column":31},"end":{"line":413,"column":45}}},"37":{"name":"(anonymous_37)","line":421,"loc":{"start":{"line":421,"column":41},"end":{"line":421,"column":59}}},"38":{"name":"(anonymous_38)","line":437,"loc":{"start":{"line":437,"column":31},"end":{"line":437,"column":50}}},"39":{"name":"(anonymous_39)","line":452,"loc":{"start":{"line":452,"column":43},"end":{"line":452,"column":68}}},"40":{"name":"(anonymous_40)","line":466,"loc":{"start":{"line":466,"column":34},"end":{"line":466,"column":46}}},"41":{"name":"(anonymous_41)","line":477,"loc":{"start":{"line":477,"column":26},"end":{"line":477,"column":51}}},"42":{"name":"(anonymous_42)","line":493,"loc":{"start":{"line":493,"column":23},"end":{"line":493,"column":49}}},"43":{"name":"(anonymous_43)","line":502,"loc":{"start":{"line":502,"column":20},"end":{"line":502,"column":46}}},"44":{"name":"(anonymous_44)","line":504,"loc":{"start":{"line":504,"column":80},"end":{"line":504,"column":95}}},"45":{"name":"(anonymous_45)","line":512,"loc":{"start":{"line":512,"column":18},"end":{"line":512,"column":47}}},"46":{"name":"(anonymous_46)","line":515,"loc":{"start":{"line":515,"column":38},"end":{"line":515,"column":65}}},"47":{"name":"(anonymous_47)","line":527,"loc":{"start":{"line":527,"column":27},"end":{"line":527,"column":41}}},"48":{"name":"(anonymous_48)","line":537,"loc":{"start":{"line":537,"column":36},"end":{"line":537,"column":48}}},"49":{"name":"(anonymous_49)","line":542,"loc":{"start":{"line":542,"column":26},"end":{"line":542,"column":52}}},"50":{"name":"(anonymous_50)","line":547,"loc":{"start":{"line":547,"column":32},"end":{"line":547,"column":48}}},"51":{"name":"(anonymous_51)","line":585,"loc":{"start":{"line":585,"column":33},"end":{"line":585,"column":55}}},"52":{"name":"(anonymous_52)","line":589,"loc":{"start":{"line":589,"column":52},"end":{"line":589,"column":76}}},"53":{"name":"(anonymous_53)","line":590,"loc":{"start":{"line":590,"column":23},"end":{"line":590,"column":48}}},"54":{"name":"(anonymous_54)","line":594,"loc":{"start":{"line":594,"column":78},"end":{"line":594,"column":91}}},"55":{"name":"(anonymous_55)","line":601,"loc":{"start":{"line":601,"column":35},"end":{"line":601,"column":47}}},"56":{"name":"(anonymous_56)","line":605,"loc":{"start":{"line":605,"column":26},"end":{"line":605,"column":52}}},"57":{"name":"(anonymous_57)","line":648,"loc":{"start":{"line":648,"column":35},"end":{"line":648,"column":47}}},"58":{"name":"(anonymous_58)","line":652,"loc":{"start":{"line":652,"column":26},"end":{"line":652,"column":52}}},"59":{"name":"(anonymous_59)","line":656,"loc":{"start":{"line":656,"column":33},"end":{"line":656,"column":59}}},"60":{"name":"(anonymous_60)","line":667,"loc":{"start":{"line":667,"column":15},"end":{"line":667,"column":29}}},"61":{"name":"(anonymous_61)","line":684,"loc":{"start":{"line":684,"column":29},"end":{"line":684,"column":41}}},"62":{"name":"(anonymous_62)","line":726,"loc":{"start":{"line":726,"column":23},"end":{"line":726,"column":49}}},"63":{"name":"(anonymous_63)","line":732,"loc":{"start":{"line":732,"column":36},"end":{"line":732,"column":51}}},"64":{"name":"(anonymous_64)","line":736,"loc":{"start":{"line":736,"column":36},"end":{"line":736,"column":51}}},"65":{"name":"(anonymous_65)","line":740,"loc":{"start":{"line":740,"column":30},"end":{"line":740,"column":44}}},"66":{"name":"(anonymous_66)","line":745,"loc":{"start":{"line":745,"column":30},"end":{"line":745,"column":45}}},"67":{"name":"(anonymous_67)","line":753,"loc":{"start":{"line":753,"column":35},"end":{"line":753,"column":47}}},"68":{"name":"(anonymous_68)","line":757,"loc":{"start":{"line":757,"column":36},"end":{"line":757,"column":48}}},"69":{"name":"(anonymous_69)","line":761,"loc":{"start":{"line":761,"column":39},"end":{"line":761,"column":53}}},"70":{"name":"(anonymous_70)","line":762,"loc":{"start":{"line":762,"column":31},"end":{"line":762,"column":56}}},"71":{"name":"(anonymous_71)","line":768,"loc":{"start":{"line":768,"column":48},"end":{"line":768,"column":68}}},"72":{"name":"(anonymous_72)","line":773,"loc":{"start":{"line":773,"column":40},"end":{"line":773,"column":60}}},"73":{"name":"(anonymous_73)","line":786,"loc":{"start":{"line":786,"column":48},"end":{"line":786,"column":99}}},"74":{"name":"(anonymous_74)","line":793,"loc":{"start":{"line":793,"column":39},"end":{"line":793,"column":90}}},"75":{"name":"(anonymous_75)","line":803,"loc":{"start":{"line":803,"column":43},"end":{"line":803,"column":85}}},"76":{"name":"(anonymous_76)","line":810,"loc":{"start":{"line":810,"column":50},"end":{"line":810,"column":67}}}},"statementMap":{"1":{"start":{"line":1,"column":0},"end":{"line":1,"column":34}},"2":{"start":{"line":2,"column":0},"end":{"line":2,"column":26}},"3":{"start":{"line":3,"column":0},"end":{"line":3,"column":35}},"4":{"start":{"line":4,"column":0},"end":{"line":4,"column":50}},"5":{"start":{"line":5,"column":0},"end":{"line":5,"column":38}},"6":{"start":{"line":6,"column":0},"end":{"line":6,"column":61}},"7":{"start":{"line":7,"column":0},"end":{"line":7,"column":27}},"8":{"start":{"line":8,"column":0},"end":{"line":8,"column":25}},"9":{"start":{"line":9,"column":0},"end":{"line":9,"column":62}},"10":{"start":{"line":10,"column":0},"end":{"line":10,"column":43}},"11":{"start":{"line":11,"column":0},"end":{"line":11,"column":31}},"12":{"start":{"line":12,"column":0},"end":{"line":12,"column":54}},"13":{"start":{"line":13,"column":0},"end":{"line":13,"column":37}},"14":{"start":{"line":14,"column":0},"end":{"line":14,"column":66}},"15":{"start":{"line":16,"column":0},"end":{"line":16,"column":39}},"16":{"start":{"line":17,"column":0},"end":{"line":17,"column":35}},"17":{"start":{"line":18,"column":0},"end":{"line":18,"column":31}},"18":{"start":{"line":19,"column":0},"end":{"line":19,"column":41}},"19":{"start":{"line":20,"column":0},"end":{"line":20,"column":39}},"20":{"start":{"line":23,"column":0},"end":{"line":23,"column":34}},"21":{"start":{"line":24,"column":0},"end":{"line":24,"column":27}},"22":{"start":{"line":25,"column":0},"end":{"line":87,"column":1}},"23":{"start":{"line":26,"column":4},"end":{"line":48,"column":6}},"24":{"start":{"line":51,"column":4},"end":{"line":61,"column":5}},"25":{"start":{"line":52,"column":8},"end":{"line":54,"column":9}},"26":{"start":{"line":53,"column":12},"end":{"line":53,"column":92}},"27":{"start":{"line":55,"column":8},"end":{"line":57,"column":9}},"28":{"start":{"line":56,"column":12},"end":{"line":56,"column":92}},"29":{"start":{"line":58,"column":8},"end":{"line":60,"column":9}},"30":{"start":{"line":59,"column":12},"end":{"line":59,"column":98}},"31":{"start":{"line":63,"column":4},"end":{"line":63,"column":49}},"32":{"start":{"line":66,"column":4},"end":{"line":68,"column":5}},"33":{"start":{"line":67,"column":8},"end":{"line":67,"column":53}},"34":{"start":{"line":70,"column":4},"end":{"line":71,"column":49}},"35":{"start":{"line":71,"column":8},"end":{"line":71,"column":49}},"36":{"start":{"line":75,"column":4},"end":{"line":78,"column":7}},"37":{"start":{"line":76,"column":8},"end":{"line":77,"column":60}},"38":{"start":{"line":77,"column":12},"end":{"line":77,"column":60}},"39":{"start":{"line":80,"column":4},"end":{"line":80,"column":45}},"40":{"start":{"line":83,"column":4},"end":{"line":86,"column":5}},"41":{"start":{"line":84,"column":8},"end":{"line":85,"column":41}},"42":{"start":{"line":85,"column":12},"end":{"line":85,"column":41}},"43":{"start":{"line":89,"column":0},"end":{"line":125,"column":2}},"44":{"start":{"line":90,"column":4},"end":{"line":91,"column":31}},"45":{"start":{"line":94,"column":4},"end":{"line":122,"column":11}},"46":{"start":{"line":108,"column":12},"end":{"line":108,"column":38}},"47":{"start":{"line":110,"column":12},"end":{"line":114,"column":13}},"48":{"start":{"line":111,"column":16},"end":{"line":111,"column":40}},"49":{"start":{"line":113,"column":16},"end":{"line":113,"column":37}},"50":{"start":{"line":117,"column":12},"end":{"line":121,"column":13}},"51":{"start":{"line":118,"column":16},"end":{"line":118,"column":32}},"52":{"start":{"line":120,"column":16},"end":{"line":120,"column":35}},"53":{"start":{"line":124,"column":4},"end":{"line":124,"column":45}},"54":{"start":{"line":127,"column":0},"end":{"line":154,"column":2}},"55":{"start":{"line":128,"column":4},"end":{"line":129,"column":31}},"56":{"start":{"line":132,"column":4},"end":{"line":151,"column":11}},"57":{"start":{"line":139,"column":12},"end":{"line":143,"column":13}},"58":{"start":{"line":140,"column":16},"end":{"line":140,"column":38}},"59":{"start":{"line":142,"column":16},"end":{"line":142,"column":35}},"60":{"start":{"line":146,"column":12},"end":{"line":150,"column":13}},"61":{"start":{"line":147,"column":16},"end":{"line":147,"column":38}},"62":{"start":{"line":149,"column":16},"end":{"line":149,"column":35}},"63":{"start":{"line":153,"column":4},"end":{"line":153,"column":45}},"64":{"start":{"line":157,"column":0},"end":{"line":175,"column":2}},"65":{"start":{"line":158,"column":4},"end":{"line":158,"column":20}},"66":{"start":{"line":160,"column":4},"end":{"line":173,"column":7}},"67":{"start":{"line":162,"column":8},"end":{"line":162,"column":33}},"68":{"start":{"line":163,"column":8},"end":{"line":163,"column":33}},"69":{"start":{"line":165,"column":8},"end":{"line":172,"column":11}},"70":{"start":{"line":166,"column":12},"end":{"line":166,"column":34}},"71":{"start":{"line":168,"column":12},"end":{"line":171,"column":13}},"72":{"start":{"line":169,"column":16},"end":{"line":169,"column":99}},"73":{"start":{"line":170,"column":16},"end":{"line":170,"column":111}},"74":{"start":{"line":177,"column":0},"end":{"line":187,"column":2}},"75":{"start":{"line":178,"column":4},"end":{"line":178,"column":20}},"76":{"start":{"line":180,"column":4},"end":{"line":180,"column":67}},"77":{"start":{"line":180,"column":42},"end":{"line":180,"column":67}},"78":{"start":{"line":182,"column":4},"end":{"line":186,"column":7}},"79":{"start":{"line":183,"column":8},"end":{"line":183,"column":70}},"80":{"start":{"line":184,"column":8},"end":{"line":184,"column":53}},"81":{"start":{"line":185,"column":8},"end":{"line":185,"column":29}},"82":{"start":{"line":189,"column":0},"end":{"line":253,"column":2}},"83":{"start":{"line":190,"column":4},"end":{"line":192,"column":20}},"84":{"start":{"line":194,"column":4},"end":{"line":196,"column":5}},"85":{"start":{"line":195,"column":8},"end":{"line":195,"column":75}},"86":{"start":{"line":199,"column":4},"end":{"line":206,"column":6}},"87":{"start":{"line":200,"column":8},"end":{"line":205,"column":11}},"88":{"start":{"line":207,"column":4},"end":{"line":207,"column":19}},"89":{"start":{"line":211,"column":4},"end":{"line":241,"column":5}},"90":{"start":{"line":212,"column":8},"end":{"line":212,"column":41}},"91":{"start":{"line":213,"column":8},"end":{"line":224,"column":11}},"92":{"start":{"line":214,"column":12},"end":{"line":214,"column":43}},"93":{"start":{"line":216,"column":12},"end":{"line":219,"column":13}},"94":{"start":{"line":217,"column":16},"end":{"line":217,"column":52}},"95":{"start":{"line":218,"column":16},"end":{"line":218,"column":46}},"96":{"start":{"line":221,"column":12},"end":{"line":223,"column":13}},"97":{"start":{"line":222,"column":16},"end":{"line":222,"column":46}},"98":{"start":{"line":225,"column":8},"end":{"line":236,"column":9}},"99":{"start":{"line":226,"column":12},"end":{"line":231,"column":16}},"100":{"start":{"line":235,"column":12},"end":{"line":235,"column":50}},"101":{"start":{"line":240,"column":8},"end":{"line":240,"column":46}},"102":{"start":{"line":244,"column":4},"end":{"line":252,"column":11}},"103":{"start":{"line":246,"column":12},"end":{"line":246,"column":36}},"104":{"start":{"line":247,"column":12},"end":{"line":247,"column":42}},"105":{"start":{"line":248,"column":12},"end":{"line":248,"column":145}},"106":{"start":{"line":249,"column":12},"end":{"line":251,"column":13}},"107":{"start":{"line":250,"column":16},"end":{"line":250,"column":82}},"108":{"start":{"line":255,"column":0},"end":{"line":268,"column":2}},"109":{"start":{"line":256,"column":4},"end":{"line":256,"column":20}},"110":{"start":{"line":258,"column":4},"end":{"line":265,"column":7}},"111":{"start":{"line":259,"column":8},"end":{"line":259,"column":66}},"112":{"start":{"line":262,"column":8},"end":{"line":264,"column":9}},"113":{"start":{"line":263,"column":12},"end":{"line":263,"column":148}},"114":{"start":{"line":267,"column":4},"end":{"line":267,"column":16}},"115":{"start":{"line":270,"column":0},"end":{"line":310,"column":2}},"116":{"start":{"line":271,"column":4},"end":{"line":272,"column":23}},"117":{"start":{"line":274,"column":4},"end":{"line":303,"column":7}},"118":{"start":{"line":275,"column":8},"end":{"line":275,"column":100}},"119":{"start":{"line":276,"column":8},"end":{"line":276,"column":82}},"120":{"start":{"line":279,"column":8},"end":{"line":281,"column":9}},"121":{"start":{"line":280,"column":12},"end":{"line":280,"column":42}},"122":{"start":{"line":283,"column":8},"end":{"line":283,"column":38}},"123":{"start":{"line":284,"column":8},"end":{"line":284,"column":142}},"124":{"start":{"line":286,"column":8},"end":{"line":302,"column":9}},"125":{"start":{"line":287,"column":12},"end":{"line":298,"column":14}},"126":{"start":{"line":290,"column":24},"end":{"line":294,"column":25}},"127":{"start":{"line":291,"column":28},"end":{"line":291,"column":245}},"128":{"start":{"line":293,"column":28},"end":{"line":293,"column":54}},"129":{"start":{"line":296,"column":24},"end":{"line":296,"column":74}},"130":{"start":{"line":299,"column":12},"end":{"line":299,"column":61}},"131":{"start":{"line":301,"column":12},"end":{"line":301,"column":57}},"132":{"start":{"line":305,"column":4},"end":{"line":309,"column":11}},"133":{"start":{"line":307,"column":12},"end":{"line":307,"column":42}},"134":{"start":{"line":308,"column":12},"end":{"line":308,"column":24}},"135":{"start":{"line":312,"column":0},"end":{"line":318,"column":2}},"136":{"start":{"line":321,"column":0},"end":{"line":343,"column":2}},"137":{"start":{"line":323,"column":4},"end":{"line":325,"column":5}},"138":{"start":{"line":324,"column":8},"end":{"line":324,"column":20}},"139":{"start":{"line":327,"column":4},"end":{"line":327,"column":20}},"140":{"start":{"line":329,"column":4},"end":{"line":342,"column":7}},"141":{"start":{"line":331,"column":8},"end":{"line":331,"column":55}},"142":{"start":{"line":332,"column":8},"end":{"line":341,"column":9}},"143":{"start":{"line":334,"column":12},"end":{"line":340,"column":15}},"144":{"start":{"line":338,"column":16},"end":{"line":338,"column":35}},"145":{"start":{"line":338,"column":24},"end":{"line":338,"column":35}},"146":{"start":{"line":339,"column":16},"end":{"line":339,"column":59}},"147":{"start":{"line":346,"column":0},"end":{"line":389,"column":2}},"148":{"start":{"line":347,"column":4},"end":{"line":349,"column":39}},"149":{"start":{"line":351,"column":4},"end":{"line":367,"column":5}},"150":{"start":{"line":352,"column":8},"end":{"line":352,"column":64}},"151":{"start":{"line":355,"column":8},"end":{"line":366,"column":9}},"152":{"start":{"line":357,"column":16},"end":{"line":357,"column":102}},"153":{"start":{"line":358,"column":16},"end":{"line":358,"column":22}},"154":{"start":{"line":361,"column":16},"end":{"line":361,"column":86}},"155":{"start":{"line":362,"column":16},"end":{"line":362,"column":22}},"156":{"start":{"line":365,"column":16},"end":{"line":365,"column":51}},"157":{"start":{"line":369,"column":4},"end":{"line":386,"column":7}},"158":{"start":{"line":370,"column":8},"end":{"line":385,"column":12}},"159":{"start":{"line":371,"column":12},"end":{"line":371,"column":90}},"160":{"start":{"line":374,"column":12},"end":{"line":384,"column":15}},"161":{"start":{"line":375,"column":16},"end":{"line":375,"column":43}},"162":{"start":{"line":375,"column":24},"end":{"line":375,"column":43}},"163":{"start":{"line":377,"column":16},"end":{"line":382,"column":19}},"164":{"start":{"line":378,"column":20},"end":{"line":378,"column":47}},"165":{"start":{"line":378,"column":28},"end":{"line":378,"column":47}},"166":{"start":{"line":380,"column":20},"end":{"line":380,"column":89}},"167":{"start":{"line":381,"column":20},"end":{"line":381,"column":30}},"168":{"start":{"line":388,"column":4},"end":{"line":388,"column":50}},"169":{"start":{"line":391,"column":0},"end":{"line":450,"column":2}},"170":{"start":{"line":392,"column":4},"end":{"line":393,"column":25}},"171":{"start":{"line":395,"column":4},"end":{"line":447,"column":7}},"172":{"start":{"line":399,"column":8},"end":{"line":434,"column":9}},"173":{"start":{"line":402,"column":12},"end":{"line":408,"column":15}},"174":{"start":{"line":403,"column":16},"end":{"line":403,"column":70}},"175":{"start":{"line":404,"column":16},"end":{"line":406,"column":17}},"176":{"start":{"line":405,"column":20},"end":{"line":405,"column":38}},"177":{"start":{"line":407,"column":16},"end":{"line":407,"column":28}},"178":{"start":{"line":410,"column":12},"end":{"line":410,"column":43}},"179":{"start":{"line":411,"column":12},"end":{"line":411,"column":40}},"180":{"start":{"line":413,"column":12},"end":{"line":431,"column":15}},"181":{"start":{"line":414,"column":16},"end":{"line":414,"column":67}},"182":{"start":{"line":415,"column":16},"end":{"line":415,"column":33}},"183":{"start":{"line":417,"column":16},"end":{"line":427,"column":17}},"184":{"start":{"line":420,"column":20},"end":{"line":424,"column":21}},"185":{"start":{"line":421,"column":24},"end":{"line":423,"column":26}},"186":{"start":{"line":422,"column":28},"end":{"line":422,"column":104}},"187":{"start":{"line":426,"column":20},"end":{"line":426,"column":77}},"188":{"start":{"line":429,"column":16},"end":{"line":429,"column":113}},"189":{"start":{"line":430,"column":16},"end":{"line":430,"column":46}},"190":{"start":{"line":433,"column":12},"end":{"line":433,"column":19}},"191":{"start":{"line":437,"column":8},"end":{"line":446,"column":11}},"192":{"start":{"line":438,"column":12},"end":{"line":438,"column":32}},"193":{"start":{"line":439,"column":12},"end":{"line":444,"column":13}},"194":{"start":{"line":441,"column":16},"end":{"line":441,"column":69}},"195":{"start":{"line":443,"column":16},"end":{"line":443,"column":45}},"196":{"start":{"line":445,"column":12},"end":{"line":445,"column":133}},"197":{"start":{"line":449,"column":4},"end":{"line":449,"column":36}},"198":{"start":{"line":452,"column":0},"end":{"line":464,"column":2}},"199":{"start":{"line":453,"column":4},"end":{"line":454,"column":37}},"200":{"start":{"line":456,"column":4},"end":{"line":461,"column":5}},"201":{"start":{"line":457,"column":8},"end":{"line":457,"column":71}},"202":{"start":{"line":458,"column":8},"end":{"line":458,"column":39}},"203":{"start":{"line":459,"column":11},"end":{"line":461,"column":5}},"204":{"start":{"line":460,"column":8},"end":{"line":460,"column":36}},"205":{"start":{"line":463,"column":4},"end":{"line":463,"column":20}},"206":{"start":{"line":466,"column":0},"end":{"line":535,"column":2}},"207":{"start":{"line":467,"column":4},"end":{"line":467,"column":20}},"208":{"start":{"line":470,"column":4},"end":{"line":472,"column":45}},"209":{"start":{"line":473,"column":8},"end":{"line":473,"column":46}},"210":{"start":{"line":475,"column":4},"end":{"line":475,"column":20}},"211":{"start":{"line":477,"column":4},"end":{"line":489,"column":7}},"212":{"start":{"line":478,"column":8},"end":{"line":478,"column":65}},"213":{"start":{"line":480,"column":8},"end":{"line":486,"column":9}},"214":{"start":{"line":481,"column":12},"end":{"line":481,"column":71}},"215":{"start":{"line":483,"column":12},"end":{"line":483,"column":70}},"216":{"start":{"line":485,"column":12},"end":{"line":485,"column":67}},"217":{"start":{"line":488,"column":8},"end":{"line":488,"column":48}},"218":{"start":{"line":491,"column":4},"end":{"line":491,"column":34}},"219":{"start":{"line":493,"column":4},"end":{"line":534,"column":7}},"220":{"start":{"line":495,"column":8},"end":{"line":498,"column":9}},"221":{"start":{"line":496,"column":12},"end":{"line":496,"column":22}},"222":{"start":{"line":497,"column":12},"end":{"line":497,"column":19}},"223":{"start":{"line":502,"column":8},"end":{"line":533,"column":23}},"224":{"start":{"line":503,"column":12},"end":{"line":510,"column":13}},"225":{"start":{"line":504,"column":16},"end":{"line":506,"column":27}},"226":{"start":{"line":505,"column":20},"end":{"line":505,"column":33}},"227":{"start":{"line":509,"column":16},"end":{"line":509,"column":26}},"228":{"start":{"line":513,"column":16},"end":{"line":513,"column":37}},"229":{"start":{"line":515,"column":16},"end":{"line":530,"column":19}},"230":{"start":{"line":517,"column":20},"end":{"line":520,"column":21}},"231":{"start":{"line":518,"column":24},"end":{"line":518,"column":55}},"232":{"start":{"line":519,"column":24
[...]
:[0,0],"17":[0,0],"18":[0,0],"19":[0,0],"20":[0,0],"21":[0,0]},"f":{"1":0,"2":0,"3":0,"4":0,"5":0,"6":0,"7":0,"8":0,"9":0,"10":0,"11":0,"12":0,"13":0,"14":0,"15":0,"16":0,"17":0,"18":0,"19":0,"20":0,"21":0,"22":0,"23":0,"24":0},"fnMap":{"1":{"name":"(anonymous_1)","line":21,"loc":{"start":{"line":21,"column":16},"end":{"line":21,"column":43}}},"2":{"name":"(anonymous_2)","line":30,"loc":{"start":{"line":30,"column":22},"end":{"line":30,"column":37}}},"3":{"name":"(anonymous_3)","line":41,"loc":{"start":{"line":41,"column":22},"end":{"line":41,"column":33}}},"4":{"name":"(anonymous_4)","line":45,"loc":{"start":{"line":45,"column":23},"end":{"line":45,"column":48}}},"5":{"name":"format","line":53,"loc":{"start":{"line":53,"column":8},"end":{"line":53,"column":36}}},"6":{"name":"(anonymous_6)","line":58,"loc":{"start":{"line":58,"column":23},"end":{"line":58,"column":37}}},"7":{"name":"(anonymous_7)","line":62,"loc":{"start":{"line":62,"column":26},"end":{"line":62,"column":41}}},"8":{"name":"(anonymous_8)","line":82,"loc":{"start":{"line":82,"column":22},"end":{"line":82,"column":38}}},"9":{"name":"(anonymous_9)","line":89,"loc":{"start":{"line":89,"column":31},"end":{"line":89,"column":42}}},"10":{"name":"(anonymous_10)","line":91,"loc":{"start":{"line":91,"column":88},"end":{"line":91,"column":104}}},"11":{"name":"(anonymous_11)","line":100,"loc":{"start":{"line":100,"column":30},"end":{"line":100,"column":44}}},"12":{"name":"(anonymous_12)","line":102,"loc":{"start":{"line":102,"column":80},"end":{"line":102,"column":96}}},"13":{"name":"(anonymous_13)","line":110,"loc":{"start":{"line":110,"column":16},"end":{"line":110,"column":49}}},"14":{"name":"(anonymous_14)","line":117,"loc":{"start":{"line":117,"column":25},"end":{"line":117,"column":38}}},"15":{"name":"(anonymous_15)","line":122,"loc":{"start":{"line":122,"column":21},"end":{"line":122,"column":38}}},"16":{"name":"(anonymous_16)","line":127,"loc":{"start":{"line":127,"column":26},"end":{"line":127,"column":37}}},"17":{"name":"(anonymous_17)","line":133,"loc":{"start":{"line":133,"column":16},"end":{"line":133,"column":47}}},"18":{"name":"(anonymous_18)","line":138,"loc":{"start":{"line":138,"column":25},"end":{"line":138,"column":38}}},"19":{"name":"(anonymous_19)","line":141,"loc":{"start":{"line":141,"column":27},"end":{"line":141,"column":41}}},"20":{"name":"(anonymous_20)","line":143,"loc":{"start":{"line":143,"column":30},"end":{"line":143,"column":45}}},"21":{"name":"(anonymous_21)","line":151,"loc":{"start":{"line":151,"column":24},"end":{"line":151,"column":40}}},"22":{"name":"(anonymous_22)","line":163,"loc":{"start":{"line":163,"column":21},"end":{"line":163,"column":40}}},"23":{"name":"(anonymous_23)","line":182,"loc":{"start":{"line":182,"column":38},"end":{"line":182,"column":53}}},"24":{"name":"(anonymous_24)","line":184,"loc":{"start":{"line":184,"column":37},"end":{"line":184,"column":47}}}},"statementMap":{"1":{"start":{"line":1,"column":0},"end":{"line":1,"column":34}},"2":{"start":{"line":2,"column":0},"end":{"line":2,"column":33}},"3":{"start":{"line":3,"column":0},"end":{"line":3,"column":35}},"4":{"start":{"line":4,"column":0},"end":{"line":4,"column":23}},"5":{"start":{"line":5,"column":0},"end":{"line":5,"column":27}},"6":{"start":{"line":6,"column":0},"end":{"line":6,"column":27}},"7":{"start":{"line":7,"column":0},"end":{"line":7,"column":28}},"8":{"start":{"line":8,"column":0},"end":{"line":8,"column":27}},"9":{"start":{"line":9,"column":0},"end":{"line":9,"column":46}},"10":{"start":{"line":10,"column":0},"end":{"line":10,"column":38}},"11":{"start":{"line":11,"column":0},"end":{"line":11,"column":31}},"12":{"start":{"line":14,"column":0},"end":{"line":14,"column":13}},"13":{"start":{"line":15,"column":0},"end":{"line":15,"column":42}},"14":{"start":{"line":18,"column":0},"end":{"line":18,"column":8}},"15":{"start":{"line":20,"column":0},"end":{"line":194,"column":2}},"16":{"start":{"line":22,"column":8},"end":{"line":22,"column":20}},"17":{"start":{"line":26,"column":8},"end":{"line":28,"column":9}},"18":{"start":{"line":27,"column":12},"end":{"line":27,"column":85}},"19":{"start":{"line":30,"column":8},"end":{"line":37,"column":11}},"20":{"start":{"line":31,"column":12},"end":{"line":33,"column":13}},"21":{"start":{"line":32,"column":16},"end":{"line":32,"column":23}},"22":{"start":{"line":34,"column":12},"end":{"line":36,"column":13}},"23":{"start":{"line":35,"column":16},"end":{"line":35,"column":31}},"24":{"start":{"line":39,"column":8},"end":{"line":39,"column":24}},"25":{"start":{"line":42,"column":8},"end":{"line":42,"column":31}},"26":{"start":{"line":43,"column":8},"end":{"line":43,"column":19}},"27":{"start":{"line":46,"column":8},"end":{"line":51,"column":19}},"28":{"start":{"line":53,"column":8},"end":{"line":55,"column":9}},"29":{"start":{"line":54,"column":12},"end":{"line":54,"column":80}},"30":{"start":{"line":57,"column":8},"end":{"line":57,"column":24}},"31":{"start":{"line":58,"column":8},"end":{"line":61,"column":11}},"32":{"start":{"line":59,"column":12},"end":{"line":59,"column":35}},"33":{"start":{"line":60,"column":12},"end":{"line":60,"column":29}},"34":{"start":{"line":62,"column":8},"end":{"line":81,"column":11}},"35":{"start":{"line":63,"column":12},"end":{"line":63,"column":62}},"36":{"start":{"line":64,"column":12},"end":{"line":80,"column":13}},"37":{"start":{"line":65,"column":16},"end":{"line":68,"column":19}},"38":{"start":{"line":69,"column":19},"end":{"line":80,"column":13}},"39":{"start":{"line":70,"column":16},"end":{"line":79,"column":17}},"40":{"start":{"line":71,"column":20},"end":{"line":76,"column":23}},"41":{"start":{"line":78,"column":20},"end":{"line":78,"column":37}},"42":{"start":{"line":82,"column":8},"end":{"line":84,"column":11}},"43":{"start":{"line":83,"column":12},"end":{"line":83,"column":49}},"44":{"start":{"line":86,"column":8},"end":{"line":97,"column":9}},"45":{"start":{"line":87,"column":12},"end":{"line":87,"column":46}},"46":{"start":{"line":89,"column":12},"end":{"line":94,"column":15}},"47":{"start":{"line":90,"column":16},"end":{"line":90,"column":53}},"48":{"start":{"line":90,"column":46},"end":{"line":90,"column":53}},"49":{"start":{"line":91,"column":16},"end":{"line":93,"column":19}},"50":{"start":{"line":92,"column":20},"end":{"line":92,"column":40}},"51":{"start":{"line":96,"column":12},"end":{"line":96,"column":28}},"52":{"start":{"line":99,"column":8},"end":{"line":106,"column":9}},"53":{"start":{"line":100,"column":12},"end":{"line":105,"column":15}},"54":{"start":{"line":101,"column":16},"end":{"line":101,"column":50}},"55":{"start":{"line":101,"column":43},"end":{"line":101,"column":50}},"56":{"start":{"line":102,"column":16},"end":{"line":104,"column":19}},"57":{"start":{"line":103,"column":20},"end":{"line":103,"column":40}},"58":{"start":{"line":108,"column":8},"end":{"line":108,"column":28}},"59":{"start":{"line":111,"column":8},"end":{"line":113,"column":23}},"60":{"start":{"line":115,"column":8},"end":{"line":129,"column":15}},"61":{"start":{"line":118,"column":16},"end":{"line":118,"column":33}},"62":{"start":{"line":123,"column":20},"end":{"line":123,"column":67}},"63":{"start":{"line":124,"column":20},"end":{"line":124,"column":34}},"64":{"start":{"line":128,"column":16},"end":{"line":128,"column":69}},"65":{"start":{"line":131,"column":8},"end":{"line":131,"column":28}},"66":{"start":{"line":134,"column":8},"end":{"line":135,"column":35}},"67":{"start":{"line":137,"column":8},"end":{"line":159,"column":15}},"68":{"start":{"line":139,"column":16},"end":{"line":139,"column":33}},"69":{"start":{"line":143,"column":16},"end":{"line":145,"column":19}},"70":{"start":{"line":144,"column":20},"end":{"line":144,"column":79}},"71":{"start":{"line":147,"column":16},"end":{"line":147,"column":69}},"72":{"start":{"line":152,"column":20},"end":{"line":155,"column":23}},"73":{"start":{"line":157,"column":20},"end":{"line":157,"column":32}},"74":{"start":{"line":161,"column":8},"end":{"line":161,"column":28}},"75":{"start":{"line":164,"column":8},"end":{"line":168,"column":89}},"76":{"start":{"line":171,"column":8},"end":{"line":190,"column":9}},"77":{"start":{"line":173,"column":12},"end":{"line":180,"column":13}},"78":{"start":{"line":174,"column":16},"end":{"line":174,"column":36}},"79":{"start":{"line":175,"column":16},"end":{"line":175,"column":67}},"80":{"start":{"line":176,"column":16},"end":{"line":179,"column":17}},"81":{"start":{"line":177,"column":20},"end":{"line":177,"column":39}},"82":{"start":{"line":178,"column":20},"end":{"line":178,"column":24}},"83":{"start":{"line":182,"column":12},"end":{"line":187,"column":15}},"84":{"start":{"line":183,"column":16},"end":{"line":186,"column":19}},"85":{"start":{"line":183,"column":25},"end":{"line":183,"column":39}},"86":{"start":{"line":184,"column":21},"end":{"line":186,"column":19}},"87":{"start":{"line":185,"column":20},"end":{"line":185,"column":40}},"88":{"start":{"line":189,"column":12},"end":{"line":189,"column":32}},"89":{"start":{"line":192,"column":8},"end":{"line":192,"column":28}}},"branchMap":{"1":{"line":26,"type":"if","locations":[{"start":{"line":26,"column":8},"end":{"line":26,"column":8}},{"start":{"line":26,"column":8},"end":{"line":26,"column":8}}]},"2":{"line":26,"type":"binary-expr","locations":[{"start":{"line":26,"column":11},"end":{"line":26,"column":29}},{"start":{"line":26,"column":33},"end":{"line":26,"column":49}}]},"3":{"line":27,"type":"binary-expr","locations":[{"start":{"line":27,"column":19},"end":{"line":27,"column":43}},{"start":{"line":27,"column":47},"end":{"line":27,"column":84}}]},"4":{"line":31,"type":"if","locations":[{"start":{"line":31,"column":12},"end":{"line":31,"column":12}},{"start":{"line":31,"column":12},"end":{"line":31,"column":12}}]},"5":{"line":34,"type":"if","locations":[{"start":{"line":34,"column":12},"end":{"line":34,"column":12}},{"start":{"line":34,"column":12},"end":{"line":34,"column":12}}]},"6":{"line":42,"type":"binary-expr","locations":[{"start":{"line":42,"column":8},"end":{"line":42,"column":11}},{"start":{"line":42,"column":15},"end":{"line":42,"column":30}}]},"7":{"line":59,"type":"binary-expr","locations":[{"start":{"line":59,"column":12},"end":{"line":59,"column":15}},{"start":{"line":59,"column":19},"end":{"line":59,"column":34}}]},"8":{"line":64,"type":"if","locations":[{"start":{"line":64,"column":12},"end":{"line":64,"column":12}},{"start":{"line":64,"column":12},"end":{"line":64,"column":12}}]},"9":{"line":69,"type":"if","locations":[{"start":{"line":69,"column":19},"end":{"line":69,"column":19}},{"start":{"line":69,"column":19},"end":{"line":69,"column":19}}]},"10":{"line":70,"type":"if","locations":[{"start":{"line":70,"column":16},"end":{"line":70,"column":16}},{"start":{"line":70,"column":16},"end":{"line":70,"column":16}}]},"11":{"line":83,"type":"binary-expr","locations":[{"start":{"line":83,"column":12},"end":{"line":83,"column":15}},{"start":{"line":83,"column":19},"end":{"line":83,"column":22}},{"start":{"line":83,"column":26},"end":{"line":83,"column":48}}]},"12":{"line":86,"type":"if","locations":[{"start":{"line":86,"column":8},"end":{"line":86,"column":8}},{"start":{"line":86,"column":8},"end":{"line":86,"column":8}}]},"13":{"line":90,"type":"if","locations":[{"start":{"line":90,"column":16},"end":{"line":90,"column":16}},{"start":{"line":90,"column":16},"end":{"line":90,"column":16}}]},"14":{"line":99,"type":"if","locations":[{"start":{"line":99,"column":8},"end":{"line":99,"column":8}},{"start":{"line":99,"column":8},"end":{"line":99,"column":8}}]},"15":{"line":101,"type":"if","locations":[{"start":{"line":101,"column":16},"end":{"line":101,"column":16}},{"start":{"line":101,"column":16},"end":{"line":101,"column":16}}]},"16":{"line":121,"type":"cond-expr","locations":[{"start":{"line":121,"column":32},"end":{"line":121,"column":37}},{"start":{"line":121,"column":40},"end":{"line":121,"column":41}}]},"17":{"line":168,"type":"cond-expr","locations":[{"start":{"line":168,"column":70},"end":{"line":168,"column":82}},{"start":{"line":168,"column":85},"end":{"line":168,"column":87}}]},"18":{"line":171,"type":"if","locations":[{"start":{"line":171,"column":8},"end":{"line":171,"column":8}},{"start":{"line":171,"column":8},"end":{"line":171,"column":8}}]},"19":{"line":171,"type":"binary-expr","locations":[{"start":{"line":171,"column":11},"end":{"line":171,"column":33}},{"start":{"line":171,"column":37},"end":{"line":171,"column":71}}]},"20":{"line":176,"type":"if","locations":[{"start":{"line":176,"column":16},"end":{"line":176,"column":16}},{"start":{"line":176,"column":16},"end":{"line":176,"column":16}}]},"21":{"line":183,"type":"if","locations":[{"start":{"line":183,"column":16},"end":{"line":183,"column":16}},{"start":{"line":183,"column":16},"end":{"line":183,"column":16}}]}},"code":["var Promise = require('bluebird');","var request = require('request');","var progress = require('progress');","var fs = require('fs');","var path = require('path');","var zlib = require('zlib');","var tar = require('tar-fs');","var temp = require('temp');","var DecompressZip = require('decompress-zip');","var ncp = require('graceful-ncp').ncp;","var rimraf = require('rimraf');","","// Automatically track and cleanup files at exit","temp.track();","var isWin = /^win/.test(process.platform);","","// one progressbar for all downloads","var bar;","","module.exports = {","    checkCache: function(cachepath, files) {","        var missing;","","        // if the version is >=0.12.3, then we don't which files we want from the archives, so just check that the folder","        // exists and has at least 3 files in it.","        if(files.length === 1 && files[0] === '*'){","            return fs.existsSync(cachepath) && fs.readdirSync(cachepath).length >= 3;","        }","","        files.forEach(function(file) {","            if (missing) {","                return;","            }","            if (!fs.existsSync(path.join(cachepath, file))) {","                missing = true;","            }","        });","","        return !missing;","    },","    clearProgressbar: function() {","        bar && bar.terminate();","        bar = null;","    },","    downloadAndUnpack: function(cachepath, url) {","        var extention = path.extname(url),","            done = Promise.defer(),","            self = this,","            rq = request(url),","            len,","            stream;","","        function format(statusCode) {","            return statusCode + ': ' + require('http').STATUS_CODES[statusCode];","        }","","        rq.proxy = true;","        rq.on('error', function(err) {","            bar && bar.terminate();","            done.reject(err);","        });","        rq.on('response', function (res) {","            len = parseInt(res.headers['content-length'], 10);","            if (res.statusCode !== 200) {","                done.reject({","                    statusCode: res.statusCode,","                    msg: 'Recieved status code ' + format(res.statusCode)","                });","            } else if (len) {","                if (!bar) {","                    bar = new progress('  downloading [:bar] :percent :etas', {","                        complete: '=',","                        incomplete: '-',","                        width: 20,","                        total: len","                    });","                } else {","                    bar.total += len;","                }","            }","        });","        rq.on('data', function(chunk) {","            len && bar && bar.tick(chunk.length);","        });","","        if (extention === '.zip') {","            stream = temp.createWriteStream();","","            stream.on('close', function() {","                if(done.promise.isRejected()) return;","                self.extractZip(stream.path, cachepath).then(self.stripRootFolder).then(function(files) {","                    done.resolve(files);","                });","            });","","            rq.pipe(stream);","        }","","        if (extention === '.gz') {","            rq.on('response', function(res) {","                if(res.statusCode !== 200) return;","                self.extractTar(res, cachepath).then(self.stripRootFolder).then(function(files) {","                    done.resolve(files);","                });","            });","        }","","        return done.promise;","    },","    extractTar: function(tarstream, destination) {","        var done = Promise.defer(),","            gunzip = zlib.createGunzip(),","            files = [];","","        tarstream","            .pipe(gunzip)","            .on('error', function(err){","                done.reject(err);","            })","            .pipe(tar.extract(destination, {","                umask: (isWin ? false : 0),","                map: function(header) {","                    files.push({path: path.basename(header.name)});","                    return header;","                }","            }))","            .on('finish', function() {","                done.resolve({files:files, destination:destination});","            });","","        return done.promise;","    },","    extractZip: function(zipfile, destination) {","        var files = [],","            done = Promise.defer();","","        new DecompressZip(zipfile)","            .on('error', function(err){","                done.reject(err);","            })","            .on('extract', function(log) {","                // Setup chmodSync to fix permissions","                files.forEach(function(file) {","                    fs.chmodSync(path.join(destination, file.path), file.mode);","                });","","                done.resolve({files:files, destination:destination});","            })","            .extract({","                path: destination,","                filter: function(entry) {","                    files.push({","                        path: entry.path,","                        mode: entry.mode.toString(8)","                    });","","                    return true;","                }","            });","","        return done.promise;","    },","    stripRootFolder: function(extracted){","        var done = Promise.defer(),","            files = extracted.files,","            destination = extracted.destination,","            rootFiles = fs.readdirSync(destination),","            fromDir = path.join(destination, rootFiles.length === 1 ? rootFiles[0] : '');","","        // strip out root folder if it exists","        if(rootFiles.length === 1 && fs.statSync(fromDir).isDirectory() ){","            // strip folder from files","            for (var i = 0; i < files.length; i++) {","                var file = files[i];","                file.path = path.relative(rootFiles[0], file.path);","                if(file.path === '') {","                    files.splice(i, 1);","                    i--;","                }","            }","            // move stripped folder to destination","            ncp(fromDir, destination, function (err) {","                if (err) done.reject();","                else rimraf(fromDir, function(){","                    done.resolve(files);","                });","            });","        } else {","            done.resolve(files);","        }","","        return done.promise;","    }","};",""],"l":{"1":1,"2":1,"3":1,"4":1,"5":1,"6":1,"7":1,"8":1,"9":1,"10":1,"11":1,"14":1,"15":1,"18":1,"20":1,"22":0,"26":0,"27":0,"30":0,"31":0,"32":0,"34":0,"35":0,"39":0,"42":0,"43":0,"46":0,"53":1,"54":0,"57":0,"58":0,"59":0,"60":0,"62":0,"63":0,"64":0,"65":0,"69":0,"70":0,"71":0,"78":0,"82":0,"83":0,"86":0,"87":0,"89":0,"90":0,"91":0,"92":0,"96":0,"99":0,"100":0,"101":0,"102":0,"103":0,"108":0,"111":0,"115":0,"118":0,"123":0,"124":0,"128":0,"131":0,"134":0,"137":0,"139":0,"143":0,"144":0,"147":0,"152":0,"157":0,"161":0,"164":0,"171":0,"173":0,"174":0,"175":0,"176":0,"177":0,"178":0,"182":0,"183":0,"184":0,"185":0,"189":0,"192":0}}}